<?xml version="1.0" encoding="UTF-8"?>
<!-- Generated by org.testng.reporters.JUnitXMLReporter -->
<testsuite ignored="0" hostname="INBENKARSELVAN1" failures="0" tests="2" name="Surefire test" time="10.104" errors="0" timestamp="2022-05-23T12:24:47 IST">
  <testcase classname="com.automation.tests.seleniumTests.BookTicketTest" name="Test_BookFlights" time="2.063"/>
  <testcase classname="com.automation.tests.seleniumTests.BookTicketTest" name="Test_BookFlights_2" time="2.241"/>
</testsuite> <!-- Surefire test -->
