-------------------------------------------------------------------------------
Test set: com.automation.tests.seleniumTests.BookTicket_Test
-------------------------------------------------------------------------------
Tests run: 2, Failures: 1, Errors: 0, Skipped: 1, Time elapsed: 0.546 s <<< FAILURE! - in com.automation.tests.seleniumTests.BookTicket_Test
Initialize(com.automation.tests.seleniumTests.BookTicket_Test)  Time elapsed: 0.304 s  <<< FAILURE!
java.lang.StackOverflowError
	at com.automation.tests.seleniumTests.BookTicket_Test.Initialize(BookTicket_Test.java:17)
	at com.automation.tests.seleniumTests.BookTicket_Test.Initialize(BookTicket_Test.java:17)
	at com.automation.tests.seleniumTests.BookTicket_Test.Initialize(BookTicket_Test.java:17)
	at com.automation.tests.seleniumTests.BookTicket_Test.Initialize(BookTicket_Test.java:17)
	at com.automation.tests.seleniumTests.BookTicket_Test.Initialize(BookTicket_Test.java:17)
	at com.automation.tests.seleniumTests.BookTicket_Test.Initialize(BookTicket_Test.java:17)
	at com.automation.tests.seleniumTests.BookTicket_Test.Initialize(BookTicket_Test.java:17)
	at com.automation.tests.seleniumTests.BookTicket_Test.Initialize(BookTicket_Test.java:17)
	at com.automation.tests.seleniumTests.BookTicket_Test.Initialize(BookTicket_Test.java:17)
	at com.automation.tests.seleniumTests.BookTicket_Test.Initialize(BookTicket_Test.java:17)
	at com.automation.tests.seleniumTests.BookTicket_Test.Initialize(BookTicket_Test.java:17)
	at com.automation.tests.seleniumTests.BookTicket_Test.Initialize(BookTicket_Test.java:17)
	at com.automation.tests.seleniumTests.BookTicket_Test.Initialize(BookTicket_Test.java:17)
	at com.automation.tests.seleniumTests.BookTicket_Test.Initialize(BookTicket_Test.java:17)
	at com.automation.tests.seleniumTests.BookTicket_Test.Initialize(BookTicket_Test.java:17)
	at com.automation.tests.seleniumTests.BookTicket_Test.Initialize(BookTicket_Test.java:17)
	at com.automation.tests.seleniumTests.BookTicket_Test.Initialize(BookTicket_Test.java:17)
	at com.automation.tests.seleniumTests.BookTicket_Test.Initialize(BookTicket_Test.java:17)
	at com.automation.tests.seleniumTests.BookTicket_Test.Initialize(BookTicket_Test.java:17)
	at com.automation.tests.seleniumTests.BookTicket_Test.Initialize(BookTicket_Test.java:17)
	at com.automation.tests.seleniumTests.BookTicket_Test.Initialize(BookTicket_Test.java:17)
	at com.automation.tests.seleniumTests.BookTicket_Test.Initialize(BookTicket_Test.java:17)
	at com.automation.tests.seleniumTests.BookTicket_Test.Initialize(BookTicket_Test.java:17)
	at com.automation.tests.seleniumTests.BookTicket_Test.Initialize(BookTicket_Test.java:17)
	at com.automation.tests.seleniumTests.BookTicket_Test.Initialize(BookTicket_Test.java:17)
	at com.automation.tests.seleniumTests.BookTicket_Test.Initialize(BookTicket_Test.java:17)
	at com.automation.tests.seleniumTests.BookTicket_Test.Initialize(BookTicket_Test.java:17)
	at com.automation.tests.seleniumTests.BookTicket_Test.Initialize(BookTicket_Test.java:17)
	at com.automation.tests.seleniumTests.BookTicket_Test.Initialize(BookTicket_Test.java:17)
	at com.automation.tests.seleniumTests.BookTicket_Test.Initialize(BookTicket_Test.java:17)
	at com.automation.tests.seleniumTests.BookTicket_Test.Initialize(BookTicket_Test.java:17)
	at com.automation.tests.seleniumTests.BookTicket_Test.Initialize(BookTicket_Test.java:17)
	at com.automation.tests.seleniumTests.BookTicket_Test.Initialize(BookTicket_Test.java:17)
	at com.automation.tests.seleniumTests.BookTicket_Test.Initialize(BookTicket_Test.java:17)
	at com.automation.tests.seleniumTests.BookTicket_Test.Initialize(BookTicket_Test.java:17)
	at com.automation.tests.seleniumTests.BookTicket_Test.Initialize(BookTicket_Test.java:17)
	at com.automation.tests.seleniumTests.BookTicket_Test.Initialize(BookTicket_Test.java:17)
	at com.automation.tests.seleniumTests.BookTicket_Test.Initialize(BookTicket_Test.java:17)
	at com.automation.tests.seleniumTests.BookTicket_Test.Initialize(BookTicket_Test.java:17)
	at com.automation.tests.seleniumTests.BookTicket_Test.Initialize(BookTicket_Test.java:17)
	at com.automation.tests.seleniumTests.BookTicket_Test.Initialize(BookTicket_Test.java:17)
	at com.automation.tests.seleniumTests.BookTicket_Test.Initialize(BookTicket_Test.java:17)
	at com.automation.tests.seleniumTests.BookTicket_Test.Initialize(BookTicket_Test.java:17)
	at com.automation.tests.seleniumTests.BookTicket_Test.Initialize(BookTicket_Test.java:17)
	at com.automation.tests.seleniumTests.BookTicket_Test.Initialize(BookTicket_Test.java:17)
	at com.automation.tests.seleniumTests.BookTicket_Test.Initialize(BookTicket_Test.java:17)
	at com.automation.tests.seleniumTests.BookTicket_Test.Initialize(BookTicket_Test.java:17)
	at com.automation.tests.seleniumTests.BookTicket_Test.Initialize(BookTicket_Test.java:17)
	at com.automation.tests.seleniumTests.BookTicket_Test.Initialize(BookTicket_Test.java:17)
	at com.automation.tests.seleniumTests.BookTicket_Test.Initialize(BookTicket_Test.java:17)
	at com.automation.tests.seleniumTests.BookTicket_Test.Initialize(BookTicket_Test.java:17)
	at com.automation.tests.seleniumTests.BookTicket_Test.Initialize(BookTicket_Test.java:17)
	at com.automation.tests.seleniumTests.BookTicket_Test.Initialize(BookTicket_Test.java:17)
	at com.automation.tests.seleniumTests.BookTicket_Test.Initialize(BookTicket_Test.java:17)
	at com.automation.tests.seleniumTests.BookTicket_Test.Initialize(BookTicket_Test.java:17)
	at com.automation.tests.seleniumTests.BookTicket_Test.Initialize(BookTicket_Test.java:17)
	at com.automation.tests.seleniumTests.BookTicket_Test.Initialize(BookTicket_Test.java:17)
	at com.automation.tests.seleniumTests.BookTicket_Test.Initialize(BookTicket_Test.java:17)
	at com.automation.tests.seleniumTests.BookTicket_Test.Initialize(BookTicket_Test.java:17)
	at com.automation.tests.seleniumTests.BookTicket_Test.Initialize(BookTicket_Test.java:17)
	at com.automation.tests.seleniumTests.BookTicket_Test.Initialize(BookTicket_Test.java:17)
	at com.automation.tests.seleniumTests.BookTicket_Test.Initialize(BookTicket_Test.java:17)
	at com.automation.tests.seleniumTests.BookTicket_Test.Initialize(BookTicket_Test.java:17)
	at com.automation.tests.seleniumTests.BookTicket_Test.Initialize(BookTicket_Test.java:17)
	at com.automation.tests.seleniumTests.BookTicket_Test.Initialize(BookTicket_Test.java:17)
	at com.automation.tests.seleniumTests.BookTicket_Test.Initialize(BookTicket_Test.java:17)
	at com.automation.tests.seleniumTests.BookTicket_Test.Initialize(BookTicket_Test.java:17)
	at com.automation.tests.seleniumTests.BookTicket_Test.Initialize(BookTicket_Test.java:17)
	at com.automation.tests.seleniumTests.BookTicket_Test.Initialize(BookTicket_Test.java:17)
	at com.automation.tests.seleniumTests.BookTicket_Test.Initialize(BookTicket_Test.java:17)
	at com.automation.tests.seleniumTests.BookTicket_Test.Initialize(BookTicket_Test.java:17)
	at com.automation.tests.seleniumTests.BookTicket_Test.Initialize(BookTicket_Test.java:17)
	at com.automation.tests.seleniumTests.BookTicket_Test.Initialize(BookTicket_Test.java:17)
	at com.automation.tests.seleniumTests.BookTicket_Test.Initialize(BookTicket_Test.java:17)
	at com.automation.tests.seleniumTests.BookTicket_Test.Initialize(BookTicket_Test.java:17)
	at com.automation.tests.seleniumTests.BookTicket_Test.Initialize(BookTicket_Test.java:17)
	at com.automation.tests.seleniumTests.BookTicket_Test.Initialize(BookTicket_Test.java:17)
	at com.automation.tests.seleniumTests.BookTicket_Test.Initialize(BookTicket_Test.java:17)
	at com.automation.tests.seleniumTests.BookTicket_Test.Initialize(BookTicket_Test.java:17)
	at com.automation.tests.seleniumTests.BookTicket_Test.Initialize(BookTicket_Test.java:17)
	at com.automation.tests.seleniumTests.BookTicket_Test.Initialize(BookTicket_Test.java:17)
	at com.automation.tests.seleniumTests.BookTicket_Test.Initialize(BookTicket_Test.java:17)
	at com.automation.tests.seleniumTests.BookTicket_Test.Initialize(BookTicket_Test.java:17)
	at com.automation.tests.seleniumTests.BookTicket_Test.Initialize(BookTicket_Test.java:17)
	at com.automation.tests.seleniumTests.BookTicket_Test.Initialize(BookTicket_Test.java:17)
	at com.automation.tests.seleniumTests.BookTicket_Test.Initialize(BookTicket_Test.java:17)
	at com.automation.tests.seleniumTests.BookTicket_Test.Initialize(BookTicket_Test.java:17)
	at com.automation.tests.seleniumTests.BookTicket_Test.Initialize(BookTicket_Test.java:17)
	at com.automation.tests.seleniumTests.BookTicket_Test.Initialize(BookTicket_Test.java:17)
	at com.automation.tests.seleniumTests.BookTicket_Test.Initialize(BookTicket_Test.java:17)
	at com.automation.tests.seleniumTests.BookTicket_Test.Initialize(BookTicket_Test.java:17)
	at com.automation.tests.seleniumTests.BookTicket_Test.Initialize(BookTicket_Test.java:17)
	at com.automation.tests.seleniumTests.BookTicket_Test.Initialize(BookTicket_Test.java:17)
	at com.automation.tests.seleniumTests.BookTicket_Test.Initialize(BookTicket_Test.java:17)
	at com.automation.tests.seleniumTests.BookTicket_Test.Initialize(BookTicket_Test.java:17)
	at com.automation.tests.seleniumTests.BookTicket_Test.Initialize(BookTicket_Test.java:17)
	at com.automation.tests.seleniumTests.BookTicket_Test.Initialize(BookTicket_Test.java:17)
	at com.automation.tests.seleniumTests.BookTicket_Test.Initialize(BookTicket_Test.java:17)
	at com.automation.tests.seleniumTests.BookTicket_Test.Initialize(BookTicket_Test.java:17)
	at com.automation.tests.seleniumTests.BookTicket_Test.Initialize(BookTicket_Test.java:17)
	at com.automation.tests.seleniumTests.BookTicket_Test.Initialize(BookTicket_Test.java:17)
	at com.automation.tests.seleniumTests.BookTicket_Test.Initialize(BookTicket_Test.java:17)
	at com.automation.tests.seleniumTests.BookTicket_Test.Initialize(BookTicket_Test.java:17)
	at com.automation.tests.seleniumTests.BookTicket_Test.Initialize(BookTicket_Test.java:17)
	at com.automation.tests.seleniumTests.BookTicket_Test.Initialize(BookTicket_Test.java:17)
	at com.automation.tests.seleniumTests.BookTicket_Test.Initialize(BookTicket_Test.java:17)
	at com.automation.tests.seleniumTests.BookTicket_Test.Initialize(BookTicket_Test.java:17)
	at com.automation.tests.seleniumTests.BookTicket_Test.Initialize(BookTicket_Test.java:17)
	at com.automation.tests.seleniumTests.BookTicket_Test.Initialize(BookTicket_Test.java:17)
	at com.automation.tests.seleniumTests.BookTicket_Test.Initialize(BookTicket_Test.java:17)
	at com.automation.tests.seleniumTests.BookTicket_Test.Initialize(BookTicket_Test.java:17)
	at com.automation.tests.seleniumTests.BookTicket_Test.Initialize(BookTicket_Test.java:17)
	at com.automation.tests.seleniumTests.BookTicket_Test.Initialize(BookTicket_Test.java:17)
	at com.automation.tests.seleniumTests.BookTicket_Test.Initialize(BookTicket_Test.java:17)
	at com.automation.tests.seleniumTests.BookTicket_Test.Initialize(BookTicket_Test.java:17)
	at com.automation.tests.seleniumTests.BookTicket_Test.Initialize(BookTicket_Test.java:17)
	at com.automation.tests.seleniumTests.BookTicket_Test.Initialize(BookTicket_Test.java:17)
	at com.automation.tests.seleniumTests.BookTicket_Test.Initialize(BookTicket_Test.java:17)
	at com.automation.tests.seleniumTests.BookTicket_Test.Initialize(BookTicket_Test.java:17)
	at com.automation.tests.seleniumTests.BookTicket_Test.Initialize(BookTicket_Test.java:17)
	at com.automation.tests.seleniumTests.BookTicket_Test.Initialize(BookTicket_Test.java:17)
	at com.automation.tests.seleniumTests.BookTicket_Test.Initialize(BookTicket_Test.java:17)
	at com.automation.tests.seleniumTests.BookTicket_Test.Initialize(BookTicket_Test.java:17)
	at com.automation.tests.seleniumTests.BookTicket_Test.Initialize(BookTicket_Test.java:17)
	at com.automation.tests.seleniumTests.BookTicket_Test.Initialize(BookTicket_Test.java:17)
	at com.automation.tests.seleniumTests.BookTicket_Test.Initialize(BookTicket_Test.java:17)
	at com.automation.tests.seleniumTests.BookTicket_Test.Initialize(BookTicket_Test.java:17)
	at com.automation.tests.seleniumTests.BookTicket_Test.Initialize(BookTicket_Test.java:17)
	at com.automation.tests.seleniumTests.BookTicket_Test.Initialize(BookTicket_Test.java:17)
	at com.automation.tests.seleniumTests.BookTicket_Test.Initialize(BookTicket_Test.java:17)
	at com.automation.tests.seleniumTests.BookTicket_Test.Initialize(BookTicket_Test.java:17)
	at com.automation.tests.seleniumTests.BookTicket_Test.Initialize(BookTicket_Test.java:17)
	at com.automation.tests.seleniumTests.BookTicket_Test.Initialize(BookTicket_Test.java:17)
	at com.automation.tests.seleniumTests.BookTicket_Test.Initialize(BookTicket_Test.java:17)
	at com.automation.tests.seleniumTests.BookTicket_Test.Initialize(BookTicket_Test.java:17)
	at com.automation.tests.seleniumTests.BookTicket_Test.Initialize(BookTicket_Test.java:17)
	at com.automation.tests.seleniumTests.BookTicket_Test.Initialize(BookTicket_Test.java:17)
	at com.automation.tests.seleniumTests.BookTicket_Test.Initialize(BookTicket_Test.java:17)
	at com.automation.tests.seleniumTests.BookTicket_Test.Initialize(BookTicket_Test.java:17)
	at com.automation.tests.seleniumTests.BookTicket_Test.Initialize(BookTicket_Test.java:17)
	at com.automation.tests.seleniumTests.BookTicket_Test.Initialize(BookTicket_Test.java:17)
	at com.automation.tests.seleniumTests.BookTicket_Test.Initialize(BookTicket_Test.java:17)
	at com.automation.tests.seleniumTests.BookTicket_Test.Initialize(BookTicket_Test.java:17)
	at com.automation.tests.seleniumTests.BookTicket_Test.Initialize(BookTicket_Test.java:17)
	at com.automation.tests.seleniumTests.BookTicket_Test.Initialize(BookTicket_Test.java:17)
	at com.automation.tests.seleniumTests.BookTicket_Test.Initialize(BookTicket_Test.java:17)
	at com.automation.tests.seleniumTests.BookTicket_Test.Initialize(BookTicket_Test.java:17)
	at com.automation.tests.seleniumTests.BookTicket_Test.Initialize(BookTicket_Test.java:17)
	at com.automation.tests.seleniumTests.BookTicket_Test.Initialize(BookTicket_Test.java:17)
	at com.automation.tests.seleniumTests.BookTicket_Test.Initialize(BookTicket_Test.java:17)
	at com.automation.tests.seleniumTests.BookTicket_Test.Initialize(BookTicket_Test.java:17)
	at com.automation.tests.seleniumTests.BookTicket_Test.Initialize(BookTicket_Test.java:17)
	at com.automation.tests.seleniumTests.BookTicket_Test.Initialize(BookTicket_Test.java:17)
	at com.automation.tests.seleniumTests.BookTicket_Test.Initialize(BookTicket_Test.java:17)
	at com.automation.tests.seleniumTests.BookTicket_Test.Initialize(BookTicket_Test.java:17)
	at com.automation.tests.seleniumTests.BookTicket_Test.Initialize(BookTicket_Test.java:17)
	at com.automation.tests.seleniumTests.BookTicket_Test.Initialize(BookTicket_Test.java:17)
	at com.automation.tests.seleniumTests.BookTicket_Test.Initialize(BookTicket_Test.java:17)
	at com.automation.tests.seleniumTests.BookTicket_Test.Initialize(BookTicket_Test.java:17)
	at com.automation.tests.seleniumTests.BookTicket_Test.Initialize(BookTicket_Test.java:17)
	at com.automation.tests.seleniumTests.BookTicket_Test.Initialize(BookTicket_Test.java:17)
	at com.automation.tests.seleniumTests.BookTicket_Test.Initialize(BookTicket_Test.java:17)
	at com.automation.tests.seleniumTests.BookTicket_Test.Initialize(BookTicket_Test.java:17)
	at com.automation.tests.seleniumTests.BookTicket_Test.Initialize(BookTicket_Test.java:17)
	at com.automation.tests.seleniumTests.BookTicket_Test.Initialize(BookTicket_Test.java:17)
	at com.automation.tests.seleniumTests.BookTicket_Test.Initialize(BookTicket_Test.java:17)
	at com.automation.tests.seleniumTests.BookTicket_Test.Initialize(BookTicket_Test.java:17)
	at com.automation.tests.seleniumTests.BookTicket_Test.Initialize(BookTicket_Test.java:17)
	at com.automation.tests.seleniumTests.BookTicket_Test.Initialize(BookTicket_Test.java:17)
	at com.automation.tests.seleniumTests.BookTicket_Test.Initialize(BookTicket_Test.java:17)
	at com.automation.tests.seleniumTests.BookTicket_Test.Initialize(BookTicket_Test.java:17)
	at com.automation.tests.seleniumTests.BookTicket_Test.Initialize(BookTicket_Test.java:17)
	at com.automation.tests.seleniumTests.BookTicket_Test.Initialize(BookTicket_Test.java:17)
	at com.automation.tests.seleniumTests.BookTicket_Test.Initialize(BookTicket_Test.java:17)
	at com.automation.tests.seleniumTests.BookTicket_Test.Initialize(BookTicket_Test.java:17)
	at com.automation.tests.seleniumTests.BookTicket_Test.Initialize(BookTicket_Test.java:17)
	at com.automation.tests.seleniumTests.BookTicket_Test.Initialize(BookTicket_Test.java:17)
	at com.automation.tests.seleniumTests.BookTicket_Test.Initialize(BookTicket_Test.java:17)
	at com.automation.tests.seleniumTests.BookTicket_Test.Initialize(BookTicket_Test.java:17)
	at com.automation.tests.seleniumTests.BookTicket_Test.Initialize(BookTicket_Test.java:17)
	at com.automation.tests.seleniumTests.BookTicket_Test.Initialize(BookTicket_Test.java:17)
	at com.automation.tests.seleniumTests.BookTicket_Test.Initialize(BookTicket_Test.java:17)
	at com.automation.tests.seleniumTests.BookTicket_Test.Initialize(BookTicket_Test.java:17)
	at com.automation.tests.seleniumTests.BookTicket_Test.Initialize(BookTicket_Test.java:17)
	at com.automation.tests.seleniumTests.BookTicket_Test.Initialize(BookTicket_Test.java:17)
	at com.automation.tests.seleniumTests.BookTicket_Test.Initialize(BookTicket_Test.java:17)
	at com.automation.tests.seleniumTests.BookTicket_Test.Initialize(BookTicket_Test.java:17)
	at com.automation.tests.seleniumTests.BookTicket_Test.Initialize(BookTicket_Test.java:17)
	at com.automation.tests.seleniumTests.BookTicket_Test.Initialize(BookTicket_Test.java:17)
	at com.automation.tests.seleniumTests.BookTicket_Test.Initialize(BookTicket_Test.java:17)
	at com.automation.tests.seleniumTests.BookTicket_Test.Initialize(BookTicket_Test.java:17)
	at com.automation.tests.seleniumTests.BookTicket_Test.Initialize(BookTicket_Test.java:17)
	at com.automation.tests.seleniumTests.BookTicket_Test.Initialize(BookTicket_Test.java:17)
	at com.automation.tests.seleniumTests.BookTicket_Test.Initialize(BookTicket_Test.java:17)
	at com.automation.tests.seleniumTests.BookTicket_Test.Initialize(BookTicket_Test.java:17)
	at com.automation.tests.seleniumTests.BookTicket_Test.Initialize(BookTicket_Test.java:17)
	at com.automation.tests.seleniumTests.BookTicket_Test.Initialize(BookTicket_Test.java:17)
	at com.automation.tests.seleniumTests.BookTicket_Test.Initialize(BookTicket_Test.java:17)
	at com.automation.tests.seleniumTests.BookTicket_Test.Initialize(BookTicket_Test.java:17)
	at com.automation.tests.seleniumTests.BookTicket_Test.Initialize(BookTicket_Test.java:17)
	at com.automation.tests.seleniumTests.BookTicket_Test.Initialize(BookTicket_Test.java:17)
	at com.automation.tests.seleniumTests.BookTicket_Test.Initialize(BookTicket_Test.java:17)
	at com.automation.tests.seleniumTests.BookTicket_Test.Initialize(BookTicket_Test.java:17)
	at com.automation.tests.seleniumTests.BookTicket_Test.Initialize(BookTicket_Test.java:17)
	at com.automation.tests.seleniumTests.BookTicket_Test.Initialize(BookTicket_Test.java:17)
	at com.automation.tests.seleniumTests.BookTicket_Test.Initialize(BookTicket_Test.java:17)
	at com.automation.tests.seleniumTests.BookTicket_Test.Initialize(BookTicket_Test.java:17)
	at com.automation.tests.seleniumTests.BookTicket_Test.Initialize(BookTicket_Test.java:17)
	at com.automation.tests.seleniumTests.BookTicket_Test.Initialize(BookTicket_Test.java:17)
	at com.automation.tests.seleniumTests.BookTicket_Test.Initialize(BookTicket_Test.java:17)
	at com.automation.tests.seleniumTests.BookTicket_Test.Initialize(BookTicket_Test.java:17)
	at com.automation.tests.seleniumTests.BookTicket_Test.Initialize(BookTicket_Test.java:17)
	at com.automation.tests.seleniumTests.BookTicket_Test.Initialize(BookTicket_Test.java:17)
	at com.automation.tests.seleniumTests.BookTicket_Test.Initialize(BookTicket_Test.java:17)
	at com.automation.tests.seleniumTests.BookTicket_Test.Initialize(BookTicket_Test.java:17)
	at com.automation.tests.seleniumTests.BookTicket_Test.Initialize(BookTicket_Test.java:17)
	at com.automation.tests.seleniumTests.BookTicket_Test.Initialize(BookTicket_Test.java:17)
	at com.automation.tests.seleniumTests.BookTicket_Test.Initialize(BookTicket_Test.java:17)
	at com.automation.tests.seleniumTests.BookTicket_Test.Initialize(BookTicket_Test.java:17)
	at com.automation.tests.seleniumTests.BookTicket_Test.Initialize(BookTicket_Test.java:17)
	at com.automation.tests.seleniumTests.BookTicket_Test.Initialize(BookTicket_Test.java:17)
	at com.automation.tests.seleniumTests.BookTicket_Test.Initialize(BookTicket_Test.java:17)
	at com.automation.tests.seleniumTests.BookTicket_Test.Initialize(BookTicket_Test.java:17)
	at com.automation.tests.seleniumTests.BookTicket_Test.Initialize(BookTicket_Test.java:17)
	at com.automation.tests.seleniumTests.BookTicket_Test.Initialize(BookTicket_Test.java:17)
	at com.automation.tests.seleniumTests.BookTicket_Test.Initialize(BookTicket_Test.java:17)
	at com.automation.tests.seleniumTests.BookTicket_Test.Initialize(BookTicket_Test.java:17)
	at com.automation.tests.seleniumTests.BookTicket_Test.Initialize(BookTicket_Test.java:17)
	at com.automation.tests.seleniumTests.BookTicket_Test.Initialize(BookTicket_Test.java:17)
	at com.automation.tests.seleniumTests.BookTicket_Test.Initialize(BookTicket_Test.java:17)
	at com.automation.tests.seleniumTests.BookTicket_Test.Initialize(BookTicket_Test.java:17)
	at com.automation.tests.seleniumTests.BookTicket_Test.Initialize(BookTicket_Test.java:17)
	at com.automation.tests.seleniumTests.BookTicket_Test.Initialize(BookTicket_Test.java:17)
	at com.automation.tests.seleniumTests.BookTicket_Test.Initialize(BookTicket_Test.java:17)
	at com.automation.tests.seleniumTests.BookTicket_Test.Initialize(BookTicket_Test.java:17)
	at com.automation.tests.seleniumTests.BookTicket_Test.Initialize(BookTicket_Test.java:17)
	at com.automation.tests.seleniumTests.BookTicket_Test.Initialize(BookTicket_Test.java:17)
	at com.automation.tests.seleniumTests.BookTicket_Test.Initialize(BookTicket_Test.java:17)
	at com.automation.tests.seleniumTests.BookTicket_Test.Initialize(BookTicket_Test.java:17)
	at com.automation.tests.seleniumTests.BookTicket_Test.Initialize(BookTicket_Test.java:17)
	at com.automation.tests.seleniumTests.BookTicket_Test.Initialize(BookTicket_Test.java:17)
	at com.automation.tests.seleniumTests.BookTicket_Test.Initialize(BookTicket_Test.java:17)
	at com.automation.tests.seleniumTests.BookTicket_Test.Initialize(BookTicket_Test.java:17)
	at com.automation.tests.seleniumTests.BookTicket_Test.Initialize(BookTicket_Test.java:17)
	at com.automation.tests.seleniumTests.BookTicket_Test.Initialize(BookTicket_Test.java:17)
	at com.automation.tests.seleniumTests.BookTicket_Test.Initialize(BookTicket_Test.java:17)
	at com.automation.tests.seleniumTests.BookTicket_Test.Initialize(BookTicket_Test.java:17)
	at com.automation.tests.seleniumTests.BookTicket_Test.Initialize(BookTicket_Test.java:17)
	at com.automation.tests.seleniumTests.BookTicket_Test.Initialize(BookTicket_Test.java:17)
	at com.automation.tests.seleniumTests.BookTicket_Test.Initialize(BookTicket_Test.java:17)
	at com.automation.tests.seleniumTests.BookTicket_Test.Initialize(BookTicket_Test.java:17)
	at com.automation.tests.seleniumTests.BookTicket_Test.Initialize(BookTicket_Test.java:17)
	at com.automation.tests.seleniumTests.BookTicket_Test.Initialize(BookTicket_Test.java:17)
	at com.automation.tests.seleniumTests.BookTicket_Test.Initialize(BookTicket_Test.java:17)
	at com.automation.tests.seleniumTests.BookTicket_Test.Initialize(BookTicket_Test.java:17)
	at com.automation.tests.seleniumTests.BookTicket_Test.Initialize(BookTicket_Test.java:17)
	at com.automation.tests.seleniumTests.BookTicket_Test.Initialize(BookTicket_Test.java:17)
	at com.automation.tests.seleniumTests.BookTicket_Test.Initialize(BookTicket_Test.java:17)
	at com.automation.tests.seleniumTests.BookTicket_Test.Initialize(BookTicket_Test.java:17)
	at com.automation.tests.seleniumTests.BookTicket_Test.Initialize(BookTicket_Test.java:17)
	at com.automation.tests.seleniumTests.BookTicket_Test.Initialize(BookTicket_Test.java:17)
	at com.automation.tests.seleniumTests.BookTicket_Test.Initialize(BookTicket_Test.java:17)
	at com.automation.tests.seleniumTests.BookTicket_Test.Initialize(BookTicket_Test.java:17)
	at com.automation.tests.seleniumTests.BookTicket_Test.Initialize(BookTicket_Test.java:17)
	at com.automation.tests.seleniumTests.BookTicket_Test.Initialize(BookTicket_Test.java:17)
	at com.automation.tests.seleniumTests.BookTicket_Test.Initialize(BookTicket_Test.java:17)
	at com.automation.tests.seleniumTests.BookTicket_Test.Initialize(BookTicket_Test.java:17)
	at com.automation.tests.seleniumTests.BookTicket_Test.Initialize(BookTicket_Test.java:17)
	at com.automation.tests.seleniumTests.BookTicket_Test.Initialize(BookTicket_Test.java:17)
	at com.automation.tests.seleniumTests.BookTicket_Test.Initialize(BookTicket_Test.java:17)
	at com.automation.tests.seleniumTests.BookTicket_Test.Initialize(BookTicket_Test.java:17)
	at com.automation.tests.seleniumTests.BookTicket_Test.Initialize(BookTicket_Test.java:17)
	at com.automation.tests.seleniumTests.BookTicket_Test.Initialize(BookTicket_Test.java:17)
	at com.automation.tests.seleniumTests.BookTicket_Test.Initialize(BookTicket_Test.java:17)
	at com.automation.tests.seleniumTests.BookTicket_Test.Initialize(BookTicket_Test.java:17)
	at com.automation.tests.seleniumTests.BookTicket_Test.Initialize(BookTicket_Test.java:17)
	at com.automation.tests.seleniumTests.BookTicket_Test.Initialize(BookTicket_Test.java:17)
	at com.automation.tests.seleniumTests.BookTicket_Test.Initialize(BookTicket_Test.java:17)
	at com.automation.tests.seleniumTests.BookTicket_Test.Initialize(BookTicket_Test.java:17)
	at com.automation.tests.seleniumTests.BookTicket_Test.Initialize(BookTicket_Test.java:17)
	at com.automation.tests.seleniumTests.BookTicket_Test.Initialize(BookTicket_Test.java:17)
	at com.automation.tests.seleniumTests.BookTicket_Test.Initialize(BookTicket_Test.java:17)
	at com.automation.tests.seleniumTests.BookTicket_Test.Initialize(BookTicket_Test.java:17)
	at com.automation.tests.seleniumTests.BookTicket_Test.Initialize(BookTicket_Test.java:17)
	at com.automation.tests.seleniumTests.BookTicket_Test.Initialize(BookTicket_Test.java:17)
	at com.automation.tests.seleniumTests.BookTicket_Test.Initialize(BookTicket_Test.java:17)
	at com.automation.tests.seleniumTests.BookTicket_Test.Initialize(BookTicket_Test.java:17)
	at com.automation.tests.seleniumTests.BookTicket_Test.Initialize(BookTicket_Test.java:17)
	at com.automation.tests.seleniumTests.BookTicket_Test.Initialize(BookTicket_Test.java:17)
	at com.automation.tests.seleniumTests.BookTicket_Test.Initialize(BookTicket_Test.java:17)
	at com.automation.tests.seleniumTests.BookTicket_Test.Initialize(BookTicket_Test.java:17)
	at com.automation.tests.seleniumTests.BookTicket_Test.Initialize(BookTicket_Test.java:17)
	at com.automation.tests.seleniumTests.BookTicket_Test.Initialize(BookTicket_Test.java:17)
	at com.automation.tests.seleniumTests.BookTicket_Test.Initialize(BookTicket_Test.java:17)
	at com.automation.tests.seleniumTests.BookTicket_Test.Initialize(BookTicket_Test.java:17)
	at com.automation.tests.seleniumTests.BookTicket_Test.Initialize(BookTicket_Test.java:17)
	at com.automation.tests.seleniumTests.BookTicket_Test.Initialize(BookTicket_Test.java:17)
	at com.automation.tests.seleniumTests.BookTicket_Test.Initialize(BookTicket_Test.java:17)
	at com.automation.tests.seleniumTests.BookTicket_Test.Initialize(BookTicket_Test.java:17)
	at com.automation.tests.seleniumTests.BookTicket_Test.Initialize(BookTicket_Test.java:17)
	at com.automation.tests.seleniumTests.BookTicket_Test.Initialize(BookTicket_Test.java:17)
	at com.automation.tests.seleniumTests.BookTicket_Test.Initialize(BookTicket_Test.java:17)
	at com.automation.tests.seleniumTests.BookTicket_Test.Initialize(BookTicket_Test.java:17)
	at com.automation.tests.seleniumTests.BookTicket_Test.Initialize(BookTicket_Test.java:17)
	at com.automation.tests.seleniumTests.BookTicket_Test.Initialize(BookTicket_Test.java:17)
	at com.automation.tests.seleniumTests.BookTicket_Test.Initialize(BookTicket_Test.java:17)
	at com.automation.tests.seleniumTests.BookTicket_Test.Initialize(BookTicket_Test.java:17)
	at com.automation.tests.seleniumTests.BookTicket_Test.Initialize(BookTicket_Test.java:17)
	at com.automation.tests.seleniumTests.BookTicket_Test.Initialize(BookTicket_Test.java:17)
	at com.automation.tests.seleniumTests.BookTicket_Test.Initialize(BookTicket_Test.java:17)
	at com.automation.tests.seleniumTests.BookTicket_Test.Initialize(BookTicket_Test.java:17)
	at com.automation.tests.seleniumTests.BookTicket_Test.Initialize(BookTicket_Test.java:17)
	at com.automation.tests.seleniumTests.BookTicket_Test.Initialize(BookTicket_Test.java:17)
	at com.automation.tests.seleniumTests.BookTicket_Test.Initialize(BookTicket_Test.java:17)
	at com.automation.tests.seleniumTests.BookTicket_Test.Initialize(BookTicket_Test.java:17)
	at com.automation.tests.seleniumTests.BookTicket_Test.Initialize(BookTicket_Test.java:17)
	at com.automation.tests.seleniumTests.BookTicket_Test.Initialize(BookTicket_Test.java:17)
	at com.automation.tests.seleniumTests.BookTicket_Test.Initialize(BookTicket_Test.java:17)
	at com.automation.tests.seleniumTests.BookTicket_Test.Initialize(BookTicket_Test.java:17)
	at com.automation.tests.seleniumTests.BookTicket_Test.Initialize(BookTicket_Test.java:17)
	at com.automation.tests.seleniumTests.BookTicket_Test.Initialize(BookTicket_Test.java:17)
	at com.automation.tests.seleniumTests.BookTicket_Test.Initialize(BookTicket_Test.java:17)
	at com.automation.tests.seleniumTests.BookTicket_Test.Initialize(BookTicket_Test.java:17)
	at com.automation.tests.seleniumTests.BookTicket_Test.Initialize(BookTicket_Test.java:17)
	at com.automation.tests.seleniumTests.BookTicket_Test.Initialize(BookTicket_Test.java:17)
	at com.automation.tests.seleniumTests.BookTicket_Test.Initialize(BookTicket_Test.java:17)
	at com.automation.tests.seleniumTests.BookTicket_Test.Initialize(BookTicket_Test.java:17)
	at com.automation.tests.seleniumTests.BookTicket_Test.Initialize(BookTicket_Test.java:17)
	at com.automation.tests.seleniumTests.BookTicket_Test.Initialize(BookTicket_Test.java:17)
	at com.automation.tests.seleniumTests.BookTicket_Test.Initialize(BookTicket_Test.java:17)
	at com.automation.tests.seleniumTests.BookTicket_Test.Initialize(BookTicket_Test.java:17)
	at com.automation.tests.seleniumTests.BookTicket_Test.Initialize(BookTicket_Test.java:17)
	at com.automation.tests.seleniumTests.BookTicket_Test.Initialize(BookTicket_Test.java:17)
	at com.automation.tests.seleniumTests.BookTicket_Test.Initialize(BookTicket_Test.java:17)
	at com.automation.tests.seleniumTests.BookTicket_Test.Initialize(BookTicket_Test.java:17)
	at com.automation.tests.seleniumTests.BookTicket_Test.Initialize(BookTicket_Test.java:17)
	at com.automation.tests.seleniumTests.BookTicket_Test.Initialize(BookTicket_Test.java:17)
	at com.automation.tests.seleniumTests.BookTicket_Test.Initialize(BookTicket_Test.java:17)
	at com.automation.tests.seleniumTests.BookTicket_Test.Initialize(BookTicket_Test.java:17)
	at com.automation.tests.seleniumTests.BookTicket_Test.Initialize(BookTicket_Test.java:17)
	at com.automation.tests.seleniumTests.BookTicket_Test.Initialize(BookTicket_Test.java:17)
	at com.automation.tests.seleniumTests.BookTicket_Test.Initialize(BookTicket_Test.java:17)
	at com.automation.tests.seleniumTests.BookTicket_Test.Initialize(BookTicket_Test.java:17)
	at com.automation.tests.seleniumTests.BookTicket_Test.Initialize(BookTicket_Test.java:17)
	at com.automation.tests.seleniumTests.BookTicket_Test.Initialize(BookTicket_Test.java:17)
	at com.automation.tests.seleniumTests.BookTicket_Test.Initialize(BookTicket_Test.java:17)
	at com.automation.tests.seleniumTests.BookTicket_Test.Initialize(BookTicket_Test.java:17)
	at com.automation.tests.seleniumTests.BookTicket_Test.Initialize(BookTicket_Test.java:17)
	at com.automation.tests.seleniumTests.BookTicket_Test.Initialize(BookTicket_Test.java:17)
	at com.automation.tests.seleniumTests.BookTicket_Test.Initialize(BookTicket_Test.java:17)
	at com.automation.tests.seleniumTests.BookTicket_Test.Initialize(BookTicket_Test.java:17)
	at com.automation.tests.seleniumTests.BookTicket_Test.Initialize(BookTicket_Test.java:17)
	at com.automation.tests.seleniumTests.BookTicket_Test.Initialize(BookTicket_Test.java:17)
	at com.automation.tests.seleniumTests.BookTicket_Test.Initialize(BookTicket_Test.java:17)
	at com.automation.tests.seleniumTests.BookTicket_Test.Initialize(BookTicket_Test.java:17)
	at com.automation.tests.seleniumTests.BookTicket_Test.Initialize(BookTicket_Test.java:17)
	at com.automation.tests.seleniumTests.BookTicket_Test.Initialize(BookTicket_Test.java:17)
	at com.automation.tests.seleniumTests.BookTicket_Test.Initialize(BookTicket_Test.java:17)
	at com.automation.tests.seleniumTests.BookTicket_Test.Initialize(BookTicket_Test.java:17)
	at com.automation.tests.seleniumTests.BookTicket_Test.Initialize(BookTicket_Test.java:17)
	at com.automation.tests.seleniumTests.BookTicket_Test.Initialize(BookTicket_Test.java:17)
	at com.automation.tests.seleniumTests.BookTicket_Test.Initialize(BookTicket_Test.java:17)
	at com.automation.tests.seleniumTests.BookTicket_Test.Initialize(BookTicket_Test.java:17)
	at com.automation.tests.seleniumTests.BookTicket_Test.Initialize(BookTicket_Test.java:17)
	at com.automation.tests.seleniumTests.BookTicket_Test.Initialize(BookTicket_Test.java:17)
	at com.automation.tests.seleniumTests.BookTicket_Test.Initialize(BookTicket_Test.java:17)
	at com.automation.tests.seleniumTests.BookTicket_Test.Initialize(BookTicket_Test.java:17)
	at com.automation.tests.seleniumTests.BookTicket_Test.Initialize(BookTicket_Test.java:17)
	at com.automation.tests.seleniumTests.BookTicket_Test.Initialize(BookTicket_Test.java:17)
	at com.automation.tests.seleniumTests.BookTicket_Test.Initialize(BookTicket_Test.java:17)
	at com.automation.tests.seleniumTests.BookTicket_Test.Initialize(BookTicket_Test.java:17)
	at com.automation.tests.seleniumTests.BookTicket_Test.Initialize(BookTicket_Test.java:17)
	at com.automation.tests.seleniumTests.BookTicket_Test.Initialize(BookTicket_Test.java:17)
	at com.automation.tests.seleniumTests.BookTicket_Test.Initialize(BookTicket_Test.java:17)
	at com.automation.tests.seleniumTests.BookTicket_Test.Initialize(BookTicket_Test.java:17)
	at com.automation.tests.seleniumTests.BookTicket_Test.Initialize(BookTicket_Test.java:17)
	at com.automation.tests.seleniumTests.BookTicket_Test.Initialize(BookTicket_Test.java:17)
	at com.automation.tests.seleniumTests.BookTicket_Test.Initialize(BookTicket_Test.java:17)
	at com.automation.tests.seleniumTests.BookTicket_Test.Initialize(BookTicket_Test.java:17)
	at com.automation.tests.seleniumTests.BookTicket_Test.Initialize(BookTicket_Test.java:17)
	at com.automation.tests.seleniumTests.BookTicket_Test.Initialize(BookTicket_Test.java:17)
	at com.automation.tests.seleniumTests.BookTicket_Test.Initialize(BookTicket_Test.java:17)
	at com.automation.tests.seleniumTests.BookTicket_Test.Initialize(BookTicket_Test.java:17)
	at com.automation.tests.seleniumTests.BookTicket_Test.Initialize(BookTicket_Test.java:17)
	at com.automation.tests.seleniumTests.BookTicket_Test.Initialize(BookTicket_Test.java:17)
	at com.automation.tests.seleniumTests.BookTicket_Test.Initialize(BookTicket_Test.java:17)
	at com.automation.tests.seleniumTests.BookTicket_Test.Initialize(BookTicket_Test.java:17)
	at com.automation.tests.seleniumTests.BookTicket_Test.Initialize(BookTicket_Test.java:17)
	at com.automation.tests.seleniumTests.BookTicket_Test.Initialize(BookTicket_Test.java:17)
	at com.automation.tests.seleniumTests.BookTicket_Test.Initialize(BookTicket_Test.java:17)
	at com.automation.tests.seleniumTests.BookTicket_Test.Initialize(BookTicket_Test.java:17)
	at com.automation.tests.seleniumTests.BookTicket_Test.Initialize(BookTicket_Test.java:17)
	at com.automation.tests.seleniumTests.BookTicket_Test.Initialize(BookTicket_Test.java:17)
	at com.automation.tests.seleniumTests.BookTicket_Test.Initialize(BookTicket_Test.java:17)
	at com.automation.tests.seleniumTests.BookTicket_Test.Initialize(BookTicket_Test.java:17)
	at com.automation.tests.seleniumTests.BookTicket_Test.Initialize(BookTicket_Test.java:17)
	at com.automation.tests.seleniumTests.BookTicket_Test.Initialize(BookTicket_Test.java:17)
	at com.automation.tests.seleniumTests.BookTicket_Test.Initialize(BookTicket_Test.java:17)
	at com.automation.tests.seleniumTests.BookTicket_Test.Initialize(BookTicket_Test.java:17)
	at com.automation.tests.seleniumTests.BookTicket_Test.Initialize(BookTicket_Test.java:17)
	at com.automation.tests.seleniumTests.BookTicket_Test.Initialize(BookTicket_Test.java:17)
	at com.automation.tests.seleniumTests.BookTicket_Test.Initialize(BookTicket_Test.java:17)
	at com.automation.tests.seleniumTests.BookTicket_Test.Initialize(BookTicket_Test.java:17)
	at com.automation.tests.seleniumTests.BookTicket_Test.Initialize(BookTicket_Test.java:17)
	at com.automation.tests.seleniumTests.BookTicket_Test.Initialize(BookTicket_Test.java:17)
	at com.automation.tests.seleniumTests.BookTicket_Test.Initialize(BookTicket_Test.java:17)
	at com.automation.tests.seleniumTests.BookTicket_Test.Initialize(BookTicket_Test.java:17)
	at com.automation.tests.seleniumTests.BookTicket_Test.Initialize(BookTicket_Test.java:17)
	at com.automation.tests.seleniumTests.BookTicket_Test.Initialize(BookTicket_Test.java:17)
	at com.automation.tests.seleniumTests.BookTicket_Test.Initialize(BookTicket_Test.java:17)
	at com.automation.tests.seleniumTests.BookTicket_Test.Initialize(BookTicket_Test.java:17)
	at com.automation.tests.seleniumTests.BookTicket_Test.Initialize(BookTicket_Test.java:17)
	at com.automation.tests.seleniumTests.BookTicket_Test.Initialize(BookTicket_Test.java:17)
	at com.automation.tests.seleniumTests.BookTicket_Test.Initialize(BookTicket_Test.java:17)
	at com.automation.tests.seleniumTests.BookTicket_Test.Initialize(BookTicket_Test.java:17)
	at com.automation.tests.seleniumTests.BookTicket_Test.Initialize(BookTicket_Test.java:17)
	at com.automation.tests.seleniumTests.BookTicket_Test.Initialize(BookTicket_Test.java:17)
	at com.automation.tests.seleniumTests.BookTicket_Test.Initialize(BookTicket_Test.java:17)
	at com.automation.tests.seleniumTests.BookTicket_Test.Initialize(BookTicket_Test.java:17)
	at com.automation.tests.seleniumTests.BookTicket_Test.Initialize(BookTicket_Test.java:17)
	at com.automation.tests.seleniumTests.BookTicket_Test.Initialize(BookTicket_Test.java:17)
	at com.automation.tests.seleniumTests.BookTicket_Test.Initialize(BookTicket_Test.java:17)
	at com.automation.tests.seleniumTests.BookTicket_Test.Initialize(BookTicket_Test.java:17)
	at com.automation.tests.seleniumTests.BookTicket_Test.Initialize(BookTicket_Test.java:17)
	at com.automation.tests.seleniumTests.BookTicket_Test.Initialize(BookTicket_Test.java:17)
	at com.automation.tests.seleniumTests.BookTicket_Test.Initialize(BookTicket_Test.java:17)
	at com.automation.tests.seleniumTests.BookTicket_Test.Initialize(BookTicket_Test.java:17)
	at com.automation.tests.seleniumTests.BookTicket_Test.Initialize(BookTicket_Test.java:17)
	at com.automation.tests.seleniumTests.BookTicket_Test.Initialize(BookTicket_Test.java:17)
	at com.automation.tests.seleniumTests.BookTicket_Test.Initialize(BookTicket_Test.java:17)
	at com.automation.tests.seleniumTests.BookTicket_Test.Initialize(BookTicket_Test.java:17)
	at com.automation.tests.seleniumTests.BookTicket_Test.Initialize(BookTicket_Test.java:17)
	at com.automation.tests.seleniumTests.BookTicket_Test.Initialize(BookTicket_Test.java:17)
	at com.automation.tests.seleniumTests.BookTicket_Test.Initialize(BookTicket_Test.java:17)
	at com.automation.tests.seleniumTests.BookTicket_Test.Initialize(BookTicket_Test.java:17)
	at com.automation.tests.seleniumTests.BookTicket_Test.Initialize(BookTicket_Test.java:17)
	at com.automation.tests.seleniumTests.BookTicket_Test.Initialize(BookTicket_Test.java:17)
	at com.automation.tests.seleniumTests.BookTicket_Test.Initialize(BookTicket_Test.java:17)
	at com.automation.tests.seleniumTests.BookTicket_Test.Initialize(BookTicket_Test.java:17)
	at com.automation.tests.seleniumTests.BookTicket_Test.Initialize(BookTicket_Test.java:17)
	at com.automation.tests.seleniumTests.BookTicket_Test.Initialize(BookTicket_Test.java:17)
	at com.automation.tests.seleniumTests.BookTicket_Test.Initialize(BookTicket_Test.java:17)
	at com.automation.tests.seleniumTests.BookTicket_Test.Initialize(BookTicket_Test.java:17)
	at com.automation.tests.seleniumTests.BookTicket_Test.Initialize(BookTicket_Test.java:17)
	at com.automation.tests.seleniumTests.BookTicket_Test.Initialize(BookTicket_Test.java:17)
	at com.automation.tests.seleniumTests.BookTicket_Test.Initialize(BookTicket_Test.java:17)
	at com.automation.tests.seleniumTests.BookTicket_Test.Initialize(BookTicket_Test.java:17)
	at com.automation.tests.seleniumTests.BookTicket_Test.Initialize(BookTicket_Test.java:17)
	at com.automation.tests.seleniumTests.BookTicket_Test.Initialize(BookTicket_Test.java:17)
	at com.automation.tests.seleniumTests.BookTicket_Test.Initialize(BookTicket_Test.java:17)
	at com.automation.tests.seleniumTests.BookTicket_Test.Initialize(BookTicket_Test.java:17)
	at com.automation.tests.seleniumTests.BookTicket_Test.Initialize(BookTicket_Test.java:17)
	at com.automation.tests.seleniumTests.BookTicket_Test.Initialize(BookTicket_Test.java:17)
	at com.automation.tests.seleniumTests.BookTicket_Test.Initialize(BookTicket_Test.java:17)
	at com.automation.tests.seleniumTests.BookTicket_Test.Initialize(BookTicket_Test.java:17)
	at com.automation.tests.seleniumTests.BookTicket_Test.Initialize(BookTicket_Test.java:17)
	at com.automation.tests.seleniumTests.BookTicket_Test.Initialize(BookTicket_Test.java:17)
	at com.automation.tests.seleniumTests.BookTicket_Test.Initialize(BookTicket_Test.java:17)
	at com.automation.tests.seleniumTests.BookTicket_Test.Initialize(BookTicket_Test.java:17)
	at com.automation.tests.seleniumTests.BookTicket_Test.Initialize(BookTicket_Test.java:17)
	at com.automation.tests.seleniumTests.BookTicket_Test.Initialize(BookTicket_Test.java:17)
	at com.automation.tests.seleniumTests.BookTicket_Test.Initialize(BookTicket_Test.java:17)
	at com.automation.tests.seleniumTests.BookTicket_Test.Initialize(BookTicket_Test.java:17)
	at com.automation.tests.seleniumTests.BookTicket_Test.Initialize(BookTicket_Test.java:17)
	at com.automation.tests.seleniumTests.BookTicket_Test.Initialize(BookTicket_Test.java:17)
	at com.automation.tests.seleniumTests.BookTicket_Test.Initialize(BookTicket_Test.java:17)
	at com.automation.tests.seleniumTests.BookTicket_Test.Initialize(BookTicket_Test.java:17)
	at com.automation.tests.seleniumTests.BookTicket_Test.Initialize(BookTicket_Test.java:17)
	at com.automation.tests.seleniumTests.BookTicket_Test.Initialize(BookTicket_Test.java:17)
	at com.automation.tests.seleniumTests.BookTicket_Test.Initialize(BookTicket_Test.java:17)
	at com.automation.tests.seleniumTests.BookTicket_Test.Initialize(BookTicket_Test.java:17)
	at com.automation.tests.seleniumTests.BookTicket_Test.Initialize(BookTicket_Test.java:17)
	at com.automation.tests.seleniumTests.BookTicket_Test.Initialize(BookTicket_Test.java:17)
	at com.automation.tests.seleniumTests.BookTicket_Test.Initialize(BookTicket_Test.java:17)
	at com.automation.tests.seleniumTests.BookTicket_Test.Initialize(BookTicket_Test.java:17)
	at com.automation.tests.seleniumTests.BookTicket_Test.Initialize(BookTicket_Test.java:17)
	at com.automation.tests.seleniumTests.BookTicket_Test.Initialize(BookTicket_Test.java:17)
	at com.automation.tests.seleniumTests.BookTicket_Test.Initialize(BookTicket_Test.java:17)
	at com.automation.tests.seleniumTests.BookTicket_Test.Initialize(BookTicket_Test.java:17)
	at com.automation.tests.seleniumTests.BookTicket_Test.Initialize(BookTicket_Test.java:17)
	at com.automation.tests.seleniumTests.BookTicket_Test.Initialize(BookTicket_Test.java:17)
	at com.automation.tests.seleniumTests.BookTicket_Test.Initialize(BookTicket_Test.java:17)
	at com.automation.tests.seleniumTests.BookTicket_Test.Initialize(BookTicket_Test.java:17)
	at com.automation.tests.seleniumTests.BookTicket_Test.Initialize(BookTicket_Test.java:17)
	at com.automation.tests.seleniumTests.BookTicket_Test.Initialize(BookTicket_Test.java:17)
	at com.automation.tests.seleniumTests.BookTicket_Test.Initialize(BookTicket_Test.java:17)
	at com.automation.tests.seleniumTests.BookTicket_Test.Initialize(BookTicket_Test.java:17)
	at com.automation.tests.seleniumTests.BookTicket_Test.Initialize(BookTicket_Test.java:17)
	at com.automation.tests.seleniumTests.BookTicket_Test.Initialize(BookTicket_Test.java:17)
	at com.automation.tests.seleniumTests.BookTicket_Test.Initialize(BookTicket_Test.java:17)
	at com.automation.tests.seleniumTests.BookTicket_Test.Initialize(BookTicket_Test.java:17)
	at com.automation.tests.seleniumTests.BookTicket_Test.Initialize(BookTicket_Test.java:17)
	at com.automation.tests.seleniumTests.BookTicket_Test.Initialize(BookTicket_Test.java:17)
	at com.automation.tests.seleniumTests.BookTicket_Test.Initialize(BookTicket_Test.java:17)
	at com.automation.tests.seleniumTests.BookTicket_Test.Initialize(BookTicket_Test.java:17)
	at com.automation.tests.seleniumTests.BookTicket_Test.Initialize(BookTicket_Test.java:17)
	at com.automation.tests.seleniumTests.BookTicket_Test.Initialize(BookTicket_Test.java:17)
	at com.automation.tests.seleniumTests.BookTicket_Test.Initialize(BookTicket_Test.java:17)
	at com.automation.tests.seleniumTests.BookTicket_Test.Initialize(BookTicket_Test.java:17)
	at com.automation.tests.seleniumTests.BookTicket_Test.Initialize(BookTicket_Test.java:17)
	at com.automation.tests.seleniumTests.BookTicket_Test.Initialize(BookTicket_Test.java:17)
	at com.automation.tests.seleniumTests.BookTicket_Test.Initialize(BookTicket_Test.java:17)
	at com.automation.tests.seleniumTests.BookTicket_Test.Initialize(BookTicket_Test.java:17)
	at com.automation.tests.seleniumTests.BookTicket_Test.Initialize(BookTicket_Test.java:17)
	at com.automation.tests.seleniumTests.BookTicket_Test.Initialize(BookTicket_Test.java:17)
	at com.automation.tests.seleniumTests.BookTicket_Test.Initialize(BookTicket_Test.java:17)
	at com.automation.tests.seleniumTests.BookTicket_Test.Initialize(BookTicket_Test.java:17)
	at com.automation.tests.seleniumTests.BookTicket_Test.Initialize(BookTicket_Test.java:17)
	at com.automation.tests.seleniumTests.BookTicket_Test.Initialize(BookTicket_Test.java:17)
	at com.automation.tests.seleniumTests.BookTicket_Test.Initialize(BookTicket_Test.java:17)
	at com.automation.tests.seleniumTests.BookTicket_Test.Initialize(BookTicket_Test.java:17)
	at com.automation.tests.seleniumTests.BookTicket_Test.Initialize(BookTicket_Test.java:17)
	at com.automation.tests.seleniumTests.BookTicket_Test.Initialize(BookTicket_Test.java:17)
	at com.automation.tests.seleniumTests.BookTicket_Test.Initialize(BookTicket_Test.java:17)
	at com.automation.tests.seleniumTests.BookTicket_Test.Initialize(BookTicket_Test.java:17)
	at com.automation.tests.seleniumTests.BookTicket_Test.Initialize(BookTicket_Test.java:17)
	at com.automation.tests.seleniumTests.BookTicket_Test.Initialize(BookTicket_Test.java:17)
	at com.automation.tests.seleniumTests.BookTicket_Test.Initialize(BookTicket_Test.java:17)
	at com.automation.tests.seleniumTests.BookTicket_Test.Initialize(BookTicket_Test.java:17)
	at com.automation.tests.seleniumTests.BookTicket_Test.Initialize(BookTicket_Test.java:17)
	at com.automation.tests.seleniumTests.BookTicket_Test.Initialize(BookTicket_Test.java:17)
	at com.automation.tests.seleniumTests.BookTicket_Test.Initialize(BookTicket_Test.java:17)
	at com.automation.tests.seleniumTests.BookTicket_Test.Initialize(BookTicket_Test.java:17)
	at com.automation.tests.seleniumTests.BookTicket_Test.Initialize(BookTicket_Test.java:17)
	at com.automation.tests.seleniumTests.BookTicket_Test.Initialize(BookTicket_Test.java:17)
	at com.automation.tests.seleniumTests.BookTicket_Test.Initialize(BookTicket_Test.java:17)
	at com.automation.tests.seleniumTests.BookTicket_Test.Initialize(BookTicket_Test.java:17)
	at com.automation.tests.seleniumTests.BookTicket_Test.Initialize(BookTicket_Test.java:17)
	at com.automation.tests.seleniumTests.BookTicket_Test.Initialize(BookTicket_Test.java:17)
	at com.automation.tests.seleniumTests.BookTicket_Test.Initialize(BookTicket_Test.java:17)
	at com.automation.tests.seleniumTests.BookTicket_Test.Initialize(BookTicket_Test.java:17)
	at com.automation.tests.seleniumTests.BookTicket_Test.Initialize(BookTicket_Test.java:17)
	at com.automation.tests.seleniumTests.BookTicket_Test.Initialize(BookTicket_Test.java:17)
	at com.automation.tests.seleniumTests.BookTicket_Test.Initialize(BookTicket_Test.java:17)
	at com.automation.tests.seleniumTests.BookTicket_Test.Initialize(BookTicket_Test.java:17)
	at com.automation.tests.seleniumTests.BookTicket_Test.Initialize(BookTicket_Test.java:17)
	at com.automation.tests.seleniumTests.BookTicket_Test.Initialize(BookTicket_Test.java:17)
	at com.automation.tests.seleniumTests.BookTicket_Test.Initialize(BookTicket_Test.java:17)
	at com.automation.tests.seleniumTests.BookTicket_Test.Initialize(BookTicket_Test.java:17)
	at com.automation.tests.seleniumTests.BookTicket_Test.Initialize(BookTicket_Test.java:17)
	at com.automation.tests.seleniumTests.BookTicket_Test.Initialize(BookTicket_Test.java:17)
	at com.automation.tests.seleniumTests.BookTicket_Test.Initialize(BookTicket_Test.java:17)
	at com.automation.tests.seleniumTests.BookTicket_Test.Initialize(BookTicket_Test.java:17)
	at com.automation.tests.seleniumTests.BookTicket_Test.Initialize(BookTicket_Test.java:17)
	at com.automation.tests.seleniumTests.BookTicket_Test.Initialize(BookTicket_Test.java:17)
	at com.automation.tests.seleniumTests.BookTicket_Test.Initialize(BookTicket_Test.java:17)
	at com.automation.tests.seleniumTests.BookTicket_Test.Initialize(BookTicket_Test.java:17)
	at com.automation.tests.seleniumTests.BookTicket_Test.Initialize(BookTicket_Test.java:17)
	at com.automation.tests.seleniumTests.BookTicket_Test.Initialize(BookTicket_Test.java:17)
	at com.automation.tests.seleniumTests.BookTicket_Test.Initialize(BookTicket_Test.java:17)
	at com.automation.tests.seleniumTests.BookTicket_Test.Initialize(BookTicket_Test.java:17)
	at com.automation.tests.seleniumTests.BookTicket_Test.Initialize(BookTicket_Test.java:17)
	at com.automation.tests.seleniumTests.BookTicket_Test.Initialize(BookTicket_Test.java:17)
	at com.automation.tests.seleniumTests.BookTicket_Test.Initialize(BookTicket_Test.java:17)
	at com.automation.tests.seleniumTests.BookTicket_Test.Initialize(BookTicket_Test.java:17)
	at com.automation.tests.seleniumTests.BookTicket_Test.Initialize(BookTicket_Test.java:17)
	at com.automation.tests.seleniumTests.BookTicket_Test.Initialize(BookTicket_Test.java:17)
	at com.automation.tests.seleniumTests.BookTicket_Test.Initialize(BookTicket_Test.java:17)
	at com.automation.tests.seleniumTests.BookTicket_Test.Initialize(BookTicket_Test.java:17)
	at com.automation.tests.seleniumTests.BookTicket_Test.Initialize(BookTicket_Test.java:17)
	at com.automation.tests.seleniumTests.BookTicket_Test.Initialize(BookTicket_Test.java:17)
	at com.automation.tests.seleniumTests.BookTicket_Test.Initialize(BookTicket_Test.java:17)
	at com.automation.tests.seleniumTests.BookTicket_Test.Initialize(BookTicket_Test.java:17)
	at com.automation.tests.seleniumTests.BookTicket_Test.Initialize(BookTicket_Test.java:17)
	at com.automation.tests.seleniumTests.BookTicket_Test.Initialize(BookTicket_Test.java:17)
	at com.automation.tests.seleniumTests.BookTicket_Test.Initialize(BookTicket_Test.java:17)
	at com.automation.tests.seleniumTests.BookTicket_Test.Initialize(BookTicket_Test.java:17)
	at com.automation.tests.seleniumTests.BookTicket_Test.Initialize(BookTicket_Test.java:17)
	at com.automation.tests.seleniumTests.BookTicket_Test.Initialize(BookTicket_Test.java:17)
	at com.automation.tests.seleniumTests.BookTicket_Test.Initialize(BookTicket_Test.java:17)
	at com.automation.tests.seleniumTests.BookTicket_Test.Initialize(BookTicket_Test.java:17)
	at com.automation.tests.seleniumTests.BookTicket_Test.Initialize(BookTicket_Test.java:17)
	at com.automation.tests.seleniumTests.BookTicket_Test.Initialize(BookTicket_Test.java:17)
	at com.automation.tests.seleniumTests.BookTicket_Test.Initialize(BookTicket_Test.java:17)
	at com.automation.tests.seleniumTests.BookTicket_Test.Initialize(BookTicket_Test.java:17)
	at com.automation.tests.seleniumTests.BookTicket_Test.Initialize(BookTicket_Test.java:17)
	at com.automation.tests.seleniumTests.BookTicket_Test.Initialize(BookTicket_Test.java:17)
	at com.automation.tests.seleniumTests.BookTicket_Test.Initialize(BookTicket_Test.java:17)
	at com.automation.tests.seleniumTests.BookTicket_Test.Initialize(BookTicket_Test.java:17)
	at com.automation.tests.seleniumTests.BookTicket_Test.Initialize(BookTicket_Test.java:17)
	at com.automation.tests.seleniumTests.BookTicket_Test.Initialize(BookTicket_Test.java:17)
	at com.automation.tests.seleniumTests.BookTicket_Test.Initialize(BookTicket_Test.java:17)
	at com.automation.tests.seleniumTests.BookTicket_Test.Initialize(BookTicket_Test.java:17)
	at com.automation.tests.seleniumTests.BookTicket_Test.Initialize(BookTicket_Test.java:17)
	at com.automation.tests.seleniumTests.BookTicket_Test.Initialize(BookTicket_Test.java:17)
	at com.automation.tests.seleniumTests.BookTicket_Test.Initialize(BookTicket_Test.java:17)
	at com.automation.tests.seleniumTests.BookTicket_Test.Initialize(BookTicket_Test.java:17)
	at com.automation.tests.seleniumTests.BookTicket_Test.Initialize(BookTicket_Test.java:17)
	at com.automation.tests.seleniumTests.BookTicket_Test.Initialize(BookTicket_Test.java:17)
	at com.automation.tests.seleniumTests.BookTicket_Test.Initialize(BookTicket_Test.java:17)
	at com.automation.tests.seleniumTests.BookTicket_Test.Initialize(BookTicket_Test.java:17)
	at com.automation.tests.seleniumTests.BookTicket_Test.Initialize(BookTicket_Test.java:17)
	at com.automation.tests.seleniumTests.BookTicket_Test.Initialize(BookTicket_Test.java:17)
	at com.automation.tests.seleniumTests.BookTicket_Test.Initialize(BookTicket_Test.java:17)
	at com.automation.tests.seleniumTests.BookTicket_Test.Initialize(BookTicket_Test.java:17)
	at com.automation.tests.seleniumTests.BookTicket_Test.Initialize(BookTicket_Test.java:17)
	at com.automation.tests.seleniumTests.BookTicket_Test.Initialize(BookTicket_Test.java:17)
	at com.automation.tests.seleniumTests.BookTicket_Test.Initialize(BookTicket_Test.java:17)
	at com.automation.tests.seleniumTests.BookTicket_Test.Initialize(BookTicket_Test.java:17)
	at com.automation.tests.seleniumTests.BookTicket_Test.Initialize(BookTicket_Test.java:17)
	at com.automation.tests.seleniumTests.BookTicket_Test.Initialize(BookTicket_Test.java:17)
	at com.automation.tests.seleniumTests.BookTicket_Test.Initialize(BookTicket_Test.java:17)
	at com.automation.tests.seleniumTests.BookTicket_Test.Initialize(BookTicket_Test.java:17)
	at com.automation.tests.seleniumTests.BookTicket_Test.Initialize(BookTicket_Test.java:17)
	at com.automation.tests.seleniumTests.BookTicket_Test.Initialize(BookTicket_Test.java:17)
	at com.automation.tests.seleniumTests.BookTicket_Test.Initialize(BookTicket_Test.java:17)
	at com.automation.tests.seleniumTests.BookTicket_Test.Initialize(BookTicket_Test.java:17)
	at com.automation.tests.seleniumTests.BookTicket_Test.Initialize(BookTicket_Test.java:17)
	at com.automation.tests.seleniumTests.BookTicket_Test.Initialize(BookTicket_Test.java:17)
	at com.automation.tests.seleniumTests.BookTicket_Test.Initialize(BookTicket_Test.java:17)
	at com.automation.tests.seleniumTests.BookTicket_Test.Initialize(BookTicket_Test.java:17)
	at com.automation.tests.seleniumTests.BookTicket_Test.Initialize(BookTicket_Test.java:17)
	at com.automation.tests.seleniumTests.BookTicket_Test.Initialize(BookTicket_Test.java:17)
	at com.automation.tests.seleniumTests.BookTicket_Test.Initialize(BookTicket_Test.java:17)
	at com.automation.tests.seleniumTests.BookTicket_Test.Initialize(BookTicket_Test.java:17)
	at com.automation.tests.seleniumTests.BookTicket_Test.Initialize(BookTicket_Test.java:17)
	at com.automation.tests.seleniumTests.BookTicket_Test.Initialize(BookTicket_Test.java:17)
	at com.automation.tests.seleniumTests.BookTicket_Test.Initialize(BookTicket_Test.java:17)
	at com.automation.tests.seleniumTests.BookTicket_Test.Initialize(BookTicket_Test.java:17)
	at com.automation.tests.seleniumTests.BookTicket_Test.Initialize(BookTicket_Test.java:17)
	at com.automation.tests.seleniumTests.BookTicket_Test.Initialize(BookTicket_Test.java:17)
	at com.automation.tests.seleniumTests.BookTicket_Test.Initialize(BookTicket_Test.java:17)
	at com.automation.tests.seleniumTests.BookTicket_Test.Initialize(BookTicket_Test.java:17)
	at com.automation.tests.seleniumTests.BookTicket_Test.Initialize(BookTicket_Test.java:17)
	at com.automation.tests.seleniumTests.BookTicket_Test.Initialize(BookTicket_Test.java:17)
	at com.automation.tests.seleniumTests.BookTicket_Test.Initialize(BookTicket_Test.java:17)
	at com.automation.tests.seleniumTests.BookTicket_Test.Initialize(BookTicket_Test.java:17)
	at com.automation.tests.seleniumTests.BookTicket_Test.Initialize(BookTicket_Test.java:17)
	at com.automation.tests.seleniumTests.BookTicket_Test.Initialize(BookTicket_Test.java:17)
	at com.automation.tests.seleniumTests.BookTicket_Test.Initialize(BookTicket_Test.java:17)
	at com.automation.tests.seleniumTests.BookTicket_Test.Initialize(BookTicket_Test.java:17)
	at com.automation.tests.seleniumTests.BookTicket_Test.Initialize(BookTicket_Test.java:17)
	at com.automation.tests.seleniumTests.BookTicket_Test.Initialize(BookTicket_Test.java:17)
	at com.automation.tests.seleniumTests.BookTicket_Test.Initialize(BookTicket_Test.java:17)
	at com.automation.tests.seleniumTests.BookTicket_Test.Initialize(BookTicket_Test.java:17)
	at com.automation.tests.seleniumTests.BookTicket_Test.Initialize(BookTicket_Test.java:17)
	at com.automation.tests.seleniumTests.BookTicket_Test.Initialize(BookTicket_Test.java:17)
	at com.automation.tests.seleniumTests.BookTicket_Test.Initialize(BookTicket_Test.java:17)
	at com.automation.tests.seleniumTests.BookTicket_Test.Initialize(BookTicket_Test.java:17)
	at com.automation.tests.seleniumTests.BookTicket_Test.Initialize(BookTicket_Test.java:17)
	at com.automation.tests.seleniumTests.BookTicket_Test.Initialize(BookTicket_Test.java:17)
	at com.automation.tests.seleniumTests.BookTicket_Test.Initialize(BookTicket_Test.java:17)
	at com.automation.tests.seleniumTests.BookTicket_Test.Initialize(BookTicket_Test.java:17)
	at com.automation.tests.seleniumTests.BookTicket_Test.Initialize(BookTicket_Test.java:17)
	at com.automation.tests.seleniumTests.BookTicket_Test.Initialize(BookTicket_Test.java:17)
	at com.automation.tests.seleniumTests.BookTicket_Test.Initialize(BookTicket_Test.java:17)
	at com.automation.tests.seleniumTests.BookTicket_Test.Initialize(BookTicket_Test.java:17)
	at com.automation.tests.seleniumTests.BookTicket_Test.Initialize(BookTicket_Test.java:17)
	at com.automation.tests.seleniumTests.BookTicket_Test.Initialize(BookTicket_Test.java:17)
	at com.automation.tests.seleniumTests.BookTicket_Test.Initialize(BookTicket_Test.java:17)
	at com.automation.tests.seleniumTests.BookTicket_Test.Initialize(BookTicket_Test.java:17)
	at com.automation.tests.seleniumTests.BookTicket_Test.Initialize(BookTicket_Test.java:17)
	at com.automation.tests.seleniumTests.BookTicket_Test.Initialize(BookTicket_Test.java:17)
	at com.automation.tests.seleniumTests.BookTicket_Test.Initialize(BookTicket_Test.java:17)
	at com.automation.tests.seleniumTests.BookTicket_Test.Initialize(BookTicket_Test.java:17)
	at com.automation.tests.seleniumTests.BookTicket_Test.Initialize(BookTicket_Test.java:17)
	at com.automation.tests.seleniumTests.BookTicket_Test.Initialize(BookTicket_Test.java:17)
	at com.automation.tests.seleniumTests.BookTicket_Test.Initialize(BookTicket_Test.java:17)
	at com.automation.tests.seleniumTests.BookTicket_Test.Initialize(BookTicket_Test.java:17)
	at com.automation.tests.seleniumTests.BookTicket_Test.Initialize(BookTicket_Test.java:17)
	at com.automation.tests.seleniumTests.BookTicket_Test.Initialize(BookTicket_Test.java:17)
	at com.automation.tests.seleniumTests.BookTicket_Test.Initialize(BookTicket_Test.java:17)
	at com.automation.tests.seleniumTests.BookTicket_Test.Initialize(BookTicket_Test.java:17)
	at com.automation.tests.seleniumTests.BookTicket_Test.Initialize(BookTicket_Test.java:17)
	at com.automation.tests.seleniumTests.BookTicket_Test.Initialize(BookTicket_Test.java:17)
	at com.automation.tests.seleniumTests.BookTicket_Test.Initialize(BookTicket_Test.java:17)
	at com.automation.tests.seleniumTests.BookTicket_Test.Initialize(BookTicket_Test.java:17)
	at com.automation.tests.seleniumTests.BookTicket_Test.Initialize(BookTicket_Test.java:17)
	at com.automation.tests.seleniumTests.BookTicket_Test.Initialize(BookTicket_Test.java:17)
	at com.automation.tests.seleniumTests.BookTicket_Test.Initialize(BookTicket_Test.java:17)
	at com.automation.tests.seleniumTests.BookTicket_Test.Initialize(BookTicket_Test.java:17)
	at com.automation.tests.seleniumTests.BookTicket_Test.Initialize(BookTicket_Test.java:17)
	at com.automation.tests.seleniumTests.BookTicket_Test.Initialize(BookTicket_Test.java:17)
	at com.automation.tests.seleniumTests.BookTicket_Test.Initialize(BookTicket_Test.java:17)
	at com.automation.tests.seleniumTests.BookTicket_Test.Initialize(BookTicket_Test.java:17)
	at com.automation.tests.seleniumTests.BookTicket_Test.Initialize(BookTicket_Test.java:17)
	at com.automation.tests.seleniumTests.BookTicket_Test.Initialize(BookTicket_Test.java:17)
	at com.automation.tests.seleniumTests.BookTicket_Test.Initialize(BookTicket_Test.java:17)
	at com.automation.tests.seleniumTests.BookTicket_Test.Initialize(BookTicket_Test.java:17)
	at com.automation.tests.seleniumTests.BookTicket_Test.Initialize(BookTicket_Test.java:17)
	at com.automation.tests.seleniumTests.BookTicket_Test.Initialize(BookTicket_Test.java:17)
	at com.automation.tests.seleniumTests.BookTicket_Test.Initialize(BookTicket_Test.java:17)
	at com.automation.tests.seleniumTests.BookTicket_Test.Initialize(BookTicket_Test.java:17)
	at com.automation.tests.seleniumTests.BookTicket_Test.Initialize(BookTicket_Test.java:17)
	at com.automation.tests.seleniumTests.BookTicket_Test.Initialize(BookTicket_Test.java:17)
	at com.automation.tests.seleniumTests.BookTicket_Test.Initialize(BookTicket_Test.java:17)
	at com.automation.tests.seleniumTests.BookTicket_Test.Initialize(BookTicket_Test.java:17)
	at com.automation.tests.seleniumTests.BookTicket_Test.Initialize(BookTicket_Test.java:17)
	at com.automation.tests.seleniumTests.BookTicket_Test.Initialize(BookTicket_Test.java:17)
	at com.automation.tests.seleniumTests.BookTicket_Test.Initialize(BookTicket_Test.java:17)
	at com.automation.tests.seleniumTests.BookTicket_Test.Initialize(BookTicket_Test.java:17)
	at com.automation.tests.seleniumTests.BookTicket_Test.Initialize(BookTicket_Test.java:17)
	at com.automation.tests.seleniumTests.BookTicket_Test.Initialize(BookTicket_Test.java:17)
	at com.automation.tests.seleniumTests.BookTicket_Test.Initialize(BookTicket_Test.java:17)
	at com.automation.tests.seleniumTests.BookTicket_Test.Initialize(BookTicket_Test.java:17)
	at com.automation.tests.seleniumTests.BookTicket_Test.Initialize(BookTicket_Test.java:17)
	at com.automation.tests.seleniumTests.BookTicket_Test.Initialize(BookTicket_Test.java:17)
	at com.automation.tests.seleniumTests.BookTicket_Test.Initialize(BookTicket_Test.java:17)
	at com.automation.tests.seleniumTests.BookTicket_Test.Initialize(BookTicket_Test.java:17)
	at com.automation.tests.seleniumTests.BookTicket_Test.Initialize(BookTicket_Test.java:17)
	at com.automation.tests.seleniumTests.BookTicket_Test.Initialize(BookTicket_Test.java:17)
	at com.automation.tests.seleniumTests.BookTicket_Test.Initialize(BookTicket_Test.java:17)
	at com.automation.tests.seleniumTests.BookTicket_Test.Initialize(BookTicket_Test.java:17)
	at com.automation.tests.seleniumTests.BookTicket_Test.Initialize(BookTicket_Test.java:17)
	at com.automation.tests.seleniumTests.BookTicket_Test.Initialize(BookTicket_Test.java:17)
	at com.automation.tests.seleniumTests.BookTicket_Test.Initialize(BookTicket_Test.java:17)
	at com.automation.tests.seleniumTests.BookTicket_Test.Initialize(BookTicket_Test.java:17)
	at com.automation.tests.seleniumTests.BookTicket_Test.Initialize(BookTicket_Test.java:17)
	at com.automation.tests.seleniumTests.BookTicket_Test.Initialize(BookTicket_Test.java:17)
	at com.automation.tests.seleniumTests.BookTicket_Test.Initialize(BookTicket_Test.java:17)
	at com.automation.tests.seleniumTests.BookTicket_Test.Initialize(BookTicket_Test.java:17)
	at com.automation.tests.seleniumTests.BookTicket_Test.Initialize(BookTicket_Test.java:17)
	at com.automation.tests.seleniumTests.BookTicket_Test.Initialize(BookTicket_Test.java:17)
	at com.automation.tests.seleniumTests.BookTicket_Test.Initialize(BookTicket_Test.java:17)
	at com.automation.tests.seleniumTests.BookTicket_Test.Initialize(BookTicket_Test.java:17)
	at com.automation.tests.seleniumTests.BookTicket_Test.Initialize(BookTicket_Test.java:17)
	at com.automation.tests.seleniumTests.BookTicket_Test.Initialize(BookTicket_Test.java:17)
	at com.automation.tests.seleniumTests.BookTicket_Test.Initialize(BookTicket_Test.java:17)
	at com.automation.tests.seleniumTests.BookTicket_Test.Initialize(BookTicket_Test.java:17)
	at com.automation.tests.seleniumTests.BookTicket_Test.Initialize(BookTicket_Test.java:17)
	at com.automation.tests.seleniumTests.BookTicket_Test.Initialize(BookTicket_Test.java:17)
	at com.automation.tests.seleniumTests.BookTicket_Test.Initialize(BookTicket_Test.java:17)
	at com.automation.tests.seleniumTests.BookTicket_Test.Initialize(BookTicket_Test.java:17)
	at com.automation.tests.seleniumTests.BookTicket_Test.Initialize(BookTicket_Test.java:17)
	at com.automation.tests.seleniumTests.BookTicket_Test.Initialize(BookTicket_Test.java:17)
	at com.automation.tests.seleniumTests.BookTicket_Test.Initialize(BookTicket_Test.java:17)
	at com.automation.tests.seleniumTests.BookTicket_Test.Initialize(BookTicket_Test.java:17)
	at com.automation.tests.seleniumTests.BookTicket_Test.Initialize(BookTicket_Test.java:17)
	at com.automation.tests.seleniumTests.BookTicket_Test.Initialize(BookTicket_Test.java:17)
	at com.automation.tests.seleniumTests.BookTicket_Test.Initialize(BookTicket_Test.java:17)
	at com.automation.tests.seleniumTests.BookTicket_Test.Initialize(BookTicket_Test.java:17)
	at com.automation.tests.seleniumTests.BookTicket_Test.Initialize(BookTicket_Test.java:17)
	at com.automation.tests.seleniumTests.BookTicket_Test.Initialize(BookTicket_Test.java:17)
	at com.automation.tests.seleniumTests.BookTicket_Test.Initialize(BookTicket_Test.java:17)
	at com.automation.tests.seleniumTests.BookTicket_Test.Initialize(BookTicket_Test.java:17)
	at com.automation.tests.seleniumTests.BookTicket_Test.Initialize(BookTicket_Test.java:17)
	at com.automation.tests.seleniumTests.BookTicket_Test.Initialize(BookTicket_Test.java:17)
	at com.automation.tests.seleniumTests.BookTicket_Test.Initialize(BookTicket_Test.java:17)
	at com.automation.tests.seleniumTests.BookTicket_Test.Initialize(BookTicket_Test.java:17)
	at com.automation.tests.seleniumTests.BookTicket_Test.Initialize(BookTicket_Test.java:17)
	at com.automation.tests.seleniumTests.BookTicket_Test.Initialize(BookTicket_Test.java:17)
	at com.automation.tests.seleniumTests.BookTicket_Test.Initialize(BookTicket_Test.java:17)
	at com.automation.tests.seleniumTests.BookTicket_Test.Initialize(BookTicket_Test.java:17)
	at com.automation.tests.seleniumTests.BookTicket_Test.Initialize(BookTicket_Test.java:17)
	at com.automation.tests.seleniumTests.BookTicket_Test.Initialize(BookTicket_Test.java:17)
	at com.automation.tests.seleniumTests.BookTicket_Test.Initialize(BookTicket_Test.java:17)
	at com.automation.tests.seleniumTests.BookTicket_Test.Initialize(BookTicket_Test.java:17)
	at com.automation.tests.seleniumTests.BookTicket_Test.Initialize(BookTicket_Test.java:17)
	at com.automation.tests.seleniumTests.BookTicket_Test.Initialize(BookTicket_Test.java:17)
	at com.automation.tests.seleniumTests.BookTicket_Test.Initialize(BookTicket_Test.java:17)
	at com.automation.tests.seleniumTests.BookTicket_Test.Initialize(BookTicket_Test.java:17)
	at com.automation.tests.seleniumTests.BookTicket_Test.Initialize(BookTicket_Test.java:17)
	at com.automation.tests.seleniumTests.BookTicket_Test.Initialize(BookTicket_Test.java:17)
	at com.automation.tests.seleniumTests.BookTicket_Test.Initialize(BookTicket_Test.java:17)
	at com.automation.tests.seleniumTests.BookTicket_Test.Initialize(BookTicket_Test.java:17)
	at com.automation.tests.seleniumTests.BookTicket_Test.Initialize(BookTicket_Test.java:17)
	at com.automation.tests.seleniumTests.BookTicket_Test.Initialize(BookTicket_Test.java:17)
	at com.automation.tests.seleniumTests.BookTicket_Test.Initialize(BookTicket_Test.java:17)
	at com.automation.tests.seleniumTests.BookTicket_Test.Initialize(BookTicket_Test.java:17)
	at com.automation.tests.seleniumTests.BookTicket_Test.Initialize(BookTicket_Test.java:17)
	at com.automation.tests.seleniumTests.BookTicket_Test.Initialize(BookTicket_Test.java:17)
	at com.automation.tests.seleniumTests.BookTicket_Test.Initialize(BookTicket_Test.java:17)
	at com.automation.tests.seleniumTests.BookTicket_Test.Initialize(BookTicket_Test.java:17)
	at com.automation.tests.seleniumTests.BookTicket_Test.Initialize(BookTicket_Test.java:17)
	at com.automation.tests.seleniumTests.BookTicket_Test.Initialize(BookTicket_Test.java:17)
	at com.automation.tests.seleniumTests.BookTicket_Test.Initialize(BookTicket_Test.java:17)
	at com.automation.tests.seleniumTests.BookTicket_Test.Initialize(BookTicket_Test.java:17)
	at com.automation.tests.seleniumTests.BookTicket_Test.Initialize(BookTicket_Test.java:17)
	at com.automation.tests.seleniumTests.BookTicket_Test.Initialize(BookTicket_Test.java:17)
	at com.automation.tests.seleniumTests.BookTicket_Test.Initialize(BookTicket_Test.java:17)
	at com.automation.tests.seleniumTests.BookTicket_Test.Initialize(BookTicket_Test.java:17)
	at com.automation.tests.seleniumTests.BookTicket_Test.Initialize(BookTicket_Test.java:17)
	at com.automation.tests.seleniumTests.BookTicket_Test.Initialize(BookTicket_Test.java:17)
	at com.automation.tests.seleniumTests.BookTicket_Test.Initialize(BookTicket_Test.java:17)
	at com.automation.tests.seleniumTests.BookTicket_Test.Initialize(BookTicket_Test.java:17)
	at com.automation.tests.seleniumTests.BookTicket_Test.Initialize(BookTicket_Test.java:17)
	at com.automation.tests.seleniumTests.BookTicket_Test.Initialize(BookTicket_Test.java:17)
	at com.automation.tests.seleniumTests.BookTicket_Test.Initialize(BookTicket_Test.java:17)
	at com.automation.tests.seleniumTests.BookTicket_Test.Initialize(BookTicket_Test.java:17)
	at com.automation.tests.seleniumTests.BookTicket_Test.Initialize(BookTicket_Test.java:17)
	at com.automation.tests.seleniumTests.BookTicket_Test.Initialize(BookTicket_Test.java:17)
	at com.automation.tests.seleniumTests.BookTicket_Test.Initialize(BookTicket_Test.java:17)
	at com.automation.tests.seleniumTests.BookTicket_Test.Initialize(BookTicket_Test.java:17)
	at com.automation.tests.seleniumTests.BookTicket_Test.Initialize(BookTicket_Test.java:17)
	at com.automation.tests.seleniumTests.BookTicket_Test.Initialize(BookTicket_Test.java:17)
	at com.automation.tests.seleniumTests.BookTicket_Test.Initialize(BookTicket_Test.java:17)
	at com.automation.tests.seleniumTests.BookTicket_Test.Initialize(BookTicket_Test.java:17)
	at com.automation.tests.seleniumTests.BookTicket_Test.Initialize(BookTicket_Test.java:17)
	at com.automation.tests.seleniumTests.BookTicket_Test.Initialize(BookTicket_Test.java:17)
	at com.automation.tests.seleniumTests.BookTicket_Test.Initialize(BookTicket_Test.java:17)
	at com.automation.tests.seleniumTests.BookTicket_Test.Initialize(BookTicket_Test.java:17)
	at com.automation.tests.seleniumTests.BookTicket_Test.Initialize(BookTicket_Test.java:17)
	at com.automation.tests.seleniumTests.BookTicket_Test.Initialize(BookTicket_Test.java:17)
	at com.automation.tests.seleniumTests.BookTicket_Test.Initialize(BookTicket_Test.java:17)
	at com.automation.tests.seleniumTests.BookTicket_Test.Initialize(BookTicket_Test.java:17)
	at com.automation.tests.seleniumTests.BookTicket_Test.Initialize(BookTicket_Test.java:17)
	at com.automation.tests.seleniumTests.BookTicket_Test.Initialize(BookTicket_Test.java:17)
	at com.automation.tests.seleniumTests.BookTicket_Test.Initialize(BookTicket_Test.java:17)
	at com.automation.tests.seleniumTests.BookTicket_Test.Initialize(BookTicket_Test.java:17)
	at com.automation.tests.seleniumTests.BookTicket_Test.Initialize(BookTicket_Test.java:17)
	at com.automation.tests.seleniumTests.BookTicket_Test.Initialize(BookTicket_Test.java:17)
	at com.automation.tests.seleniumTests.BookTicket_Test.Initialize(BookTicket_Test.java:17)
	at com.automation.tests.seleniumTests.BookTicket_Test.Initialize(BookTicket_Test.java:17)
	at com.automation.tests.seleniumTests.BookTicket_Test.Initialize(BookTicket_Test.java:17)
	at com.automation.tests.seleniumTests.BookTicket_Test.Initialize(BookTicket_Test.java:17)
	at com.automation.tests.seleniumTests.BookTicket_Test.Initialize(BookTicket_Test.java:17)
	at com.automation.tests.seleniumTests.BookTicket_Test.Initialize(BookTicket_Test.java:17)
	at com.automation.tests.seleniumTests.BookTicket_Test.Initialize(BookTicket_Test.java:17)
	at com.automation.tests.seleniumTests.BookTicket_Test.Initialize(BookTicket_Test.java:17)
	at com.automation.tests.seleniumTests.BookTicket_Test.Initialize(BookTicket_Test.java:17)
	at com.automation.tests.seleniumTests.BookTicket_Test.Initialize(BookTicket_Test.java:17)
	at com.automation.tests.seleniumTests.BookTicket_Test.Initialize(BookTicket_Test.java:17)
	at com.automation.tests.seleniumTests.BookTicket_Test.Initialize(BookTicket_Test.java:17)
	at com.automation.tests.seleniumTests.BookTicket_Test.Initialize(BookTicket_Test.java:17)
	at com.automation.tests.seleniumTests.BookTicket_Test.Initialize(BookTicket_Test.java:17)
	at com.automation.tests.seleniumTests.BookTicket_Test.Initialize(BookTicket_Test.java:17)
	at com.automation.tests.seleniumTests.BookTicket_Test.Initialize(BookTicket_Test.java:17)
	at com.automation.tests.seleniumTests.BookTicket_Test.Initialize(BookTicket_Test.java:17)
	at com.automation.tests.seleniumTests.BookTicket_Test.Initialize(BookTicket_Test.java:17)
	at com.automation.tests.seleniumTests.BookTicket_Test.Initialize(BookTicket_Test.java:17)
	at com.automation.tests.seleniumTests.BookTicket_Test.Initialize(BookTicket_Test.java:17)
	at com.automation.tests.seleniumTests.BookTicket_Test.Initialize(BookTicket_Test.java:17)
	at com.automation.tests.seleniumTests.BookTicket_Test.Initialize(BookTicket_Test.java:17)
	at com.automation.tests.seleniumTests.BookTicket_Test.Initialize(BookTicket_Test.java:17)
	at com.automation.tests.seleniumTests.BookTicket_Test.Initialize(BookTicket_Test.java:17)
	at com.automation.tests.seleniumTests.BookTicket_Test.Initialize(BookTicket_Test.java:17)
	at com.automation.tests.seleniumTests.BookTicket_Test.Initialize(BookTicket_Test.java:17)
	at com.automation.tests.seleniumTests.BookTicket_Test.Initialize(BookTicket_Test.java:17)
	at com.automation.tests.seleniumTests.BookTicket_Test.Initialize(BookTicket_Test.java:17)
	at com.automation.tests.seleniumTests.BookTicket_Test.Initialize(BookTicket_Test.java:17)
	at com.automation.tests.seleniumTests.BookTicket_Test.Initialize(BookTicket_Test.java:17)
	at com.automation.tests.seleniumTests.BookTicket_Test.Initialize(BookTicket_Test.java:17)
	at com.automation.tests.seleniumTests.BookTicket_Test.Initialize(BookTicket_Test.java:17)
	at com.automation.tests.seleniumTests.BookTicket_Test.Initialize(BookTicket_Test.java:17)
	at com.automation.tests.seleniumTests.BookTicket_Test.Initialize(BookTicket_Test.java:17)
	at com.automation.tests.seleniumTests.BookTicket_Test.Initialize(BookTicket_Test.java:17)
	at com.automation.tests.seleniumTests.BookTicket_Test.Initialize(BookTicket_Test.java:17)
	at com.automation.tests.seleniumTests.BookTicket_Test.Initialize(BookTicket_Test.java:17)
	at com.automation.tests.seleniumTests.BookTicket_Test.Initialize(BookTicket_Test.java:17)
	at com.automation.tests.seleniumTests.BookTicket_Test.Initialize(BookTicket_Test.java:17)
	at com.automation.tests.seleniumTests.BookTicket_Test.Initialize(BookTicket_Test.java:17)
	at com.automation.tests.seleniumTests.BookTicket_Test.Initialize(BookTicket_Test.java:17)
	at com.automation.tests.seleniumTests.BookTicket_Test.Initialize(BookTicket_Test.java:17)
	at com.automation.tests.seleniumTests.BookTicket_Test.Initialize(BookTicket_Test.java:17)
	at com.automation.tests.seleniumTests.BookTicket_Test.Initialize(BookTicket_Test.java:17)
	at com.automation.tests.seleniumTests.BookTicket_Test.Initialize(BookTicket_Test.java:17)
	at com.automation.tests.seleniumTests.BookTicket_Test.Initialize(BookTicket_Test.java:17)
	at com.automation.tests.seleniumTests.BookTicket_Test.Initialize(BookTicket_Test.java:17)
	at com.automation.tests.seleniumTests.BookTicket_Test.Initialize(BookTicket_Test.java:17)
	at com.automation.tests.seleniumTests.BookTicket_Test.Initialize(BookTicket_Test.java:17)
	at com.automation.tests.seleniumTests.BookTicket_Test.Initialize(BookTicket_Test.java:17)
	at com.automation.tests.seleniumTests.BookTicket_Test.Initialize(BookTicket_Test.java:17)
	at com.automation.tests.seleniumTests.BookTicket_Test.Initialize(BookTicket_Test.java:17)
	at com.automation.tests.seleniumTests.BookTicket_Test.Initialize(BookTicket_Test.java:17)
	at com.automation.tests.seleniumTests.BookTicket_Test.Initialize(BookTicket_Test.java:17)
	at com.automation.tests.seleniumTests.BookTicket_Test.Initialize(BookTicket_Test.java:17)
	at com.automation.tests.seleniumTests.BookTicket_Test.Initialize(BookTicket_Test.java:17)
	at com.automation.tests.seleniumTests.BookTicket_Test.Initialize(BookTicket_Test.java:17)
	at com.automation.tests.seleniumTests.BookTicket_Test.Initialize(BookTicket_Test.java:17)
	at com.automation.tests.seleniumTests.BookTicket_Test.Initialize(BookTicket_Test.java:17)
	at com.automation.tests.seleniumTests.BookTicket_Test.Initialize(BookTicket_Test.java:17)
	at com.automation.tests.seleniumTests.BookTicket_Test.Initialize(BookTicket_Test.java:17)
	at com.automation.tests.seleniumTests.BookTicket_Test.Initialize(BookTicket_Test.java:17)
	at com.automation.tests.seleniumTests.BookTicket_Test.Initialize(BookTicket_Test.java:17)
	at com.automation.tests.seleniumTests.BookTicket_Test.Initialize(BookTicket_Test.java:17)
	at com.automation.tests.seleniumTests.BookTicket_Test.Initialize(BookTicket_Test.java:17)
	at com.automation.tests.seleniumTests.BookTicket_Test.Initialize(BookTicket_Test.java:17)
	at com.automation.tests.seleniumTests.BookTicket_Test.Initialize(BookTicket_Test.java:17)
	at com.automation.tests.seleniumTests.BookTicket_Test.Initialize(BookTicket_Test.java:17)
	at com.automation.tests.seleniumTests.BookTicket_Test.Initialize(BookTicket_Test.java:17)
	at com.automation.tests.seleniumTests.BookTicket_Test.Initialize(BookTicket_Test.java:17)
	at com.automation.tests.seleniumTests.BookTicket_Test.Initialize(BookTicket_Test.java:17)
	at com.automation.tests.seleniumTests.BookTicket_Test.Initialize(BookTicket_Test.java:17)
	at com.automation.tests.seleniumTests.BookTicket_Test.Initialize(BookTicket_Test.java:17)
	at com.automation.tests.seleniumTests.BookTicket_Test.Initialize(BookTicket_Test.java:17)
	at com.automation.tests.seleniumTests.BookTicket_Test.Initialize(BookTicket_Test.java:17)
	at com.automation.tests.seleniumTests.BookTicket_Test.Initialize(BookTicket_Test.java:17)
	at com.automation.tests.seleniumTests.BookTicket_Test.Initialize(BookTicket_Test.java:17)
	at com.automation.tests.seleniumTests.BookTicket_Test.Initialize(BookTicket_Test.java:17)
	at com.automation.tests.seleniumTests.BookTicket_Test.Initialize(BookTicket_Test.java:17)
	at com.automation.tests.seleniumTests.BookTicket_Test.Initialize(BookTicket_Test.java:17)
	at com.automation.tests.seleniumTests.BookTicket_Test.Initialize(BookTicket_Test.java:17)
	at com.automation.tests.seleniumTests.BookTicket_Test.Initialize(BookTicket_Test.java:17)
	at com.automation.tests.seleniumTests.BookTicket_Test.Initialize(BookTicket_Test.java:17)
	at com.automation.tests.seleniumTests.BookTicket_Test.Initialize(BookTicket_Test.java:17)
	at com.automation.tests.seleniumTests.BookTicket_Test.Initialize(BookTicket_Test.java:17)
	at com.automation.tests.seleniumTests.BookTicket_Test.Initialize(BookTicket_Test.java:17)
	at com.automation.tests.seleniumTests.BookTicket_Test.Initialize(BookTicket_Test.java:17)
	at com.automation.tests.seleniumTests.BookTicket_Test.Initialize(BookTicket_Test.java:17)
	at com.automation.tests.seleniumTests.BookTicket_Test.Initialize(BookTicket_Test.java:17)
	at com.automation.tests.seleniumTests.BookTicket_Test.Initialize(BookTicket_Test.java:17)
	at com.automation.tests.seleniumTests.BookTicket_Test.Initialize(BookTicket_Test.java:17)
	at com.automation.tests.seleniumTests.BookTicket_Test.Initialize(BookTicket_Test.java:17)
	at com.automation.tests.seleniumTests.BookTicket_Test.Initialize(BookTicket_Test.java:17)
	at com.automation.tests.seleniumTests.BookTicket_Test.Initialize(BookTicket_Test.java:17)
	at com.automation.tests.seleniumTests.BookTicket_Test.Initialize(BookTicket_Test.java:17)
	at com.automation.tests.seleniumTests.BookTicket_Test.Initialize(BookTicket_Test.java:17)
	at com.automation.tests.seleniumTests.BookTicket_Test.Initialize(BookTicket_Test.java:17)
	at com.automation.tests.seleniumTests.BookTicket_Test.Initialize(BookTicket_Test.java:17)
	at com.automation.tests.seleniumTests.BookTicket_Test.Initialize(BookTicket_Test.java:17)
	at com.automation.tests.seleniumTests.BookTicket_Test.Initialize(BookTicket_Test.java:17)
	at com.automation.tests.seleniumTests.BookTicket_Test.Initialize(BookTicket_Test.java:17)
	at com.automation.tests.seleniumTests.BookTicket_Test.Initialize(BookTicket_Test.java:17)
	at com.automation.tests.seleniumTests.BookTicket_Test.Initialize(BookTicket_Test.java:17)
	at com.automation.tests.seleniumTests.BookTicket_Test.Initialize(BookTicket_Test.java:17)
	at com.automation.tests.seleniumTests.BookTicket_Test.Initialize(BookTicket_Test.java:17)
	at com.automation.tests.seleniumTests.BookTicket_Test.Initialize(BookTicket_Test.java:17)
	at com.automation.tests.seleniumTests.BookTicket_Test.Initialize(BookTicket_Test.java:17)
	at com.automation.tests.seleniumTests.BookTicket_Test.Initialize(BookTicket_Test.java:17)
	at com.automation.tests.seleniumTests.BookTicket_Test.Initialize(BookTicket_Test.java:17)
	at com.automation.tests.seleniumTests.BookTicket_Test.Initialize(BookTicket_Test.java:17)
	at com.automation.tests.seleniumTests.BookTicket_Test.Initialize(BookTicket_Test.java:17)
	at com.automation.tests.seleniumTests.BookTicket_Test.Initialize(BookTicket_Test.java:17)
	at com.automation.tests.seleniumTests.BookTicket_Test.Initialize(BookTicket_Test.java:17)
	at com.automation.tests.seleniumTests.BookTicket_Test.Initialize(BookTicket_Test.java:17)
	at com.automation.tests.seleniumTests.BookTicket_Test.Initialize(BookTicket_Test.java:17)
	at com.automation.tests.seleniumTests.BookTicket_Test.Initialize(BookTicket_Test.java:17)
	at com.automation.tests.seleniumTests.BookTicket_Test.Initialize(BookTicket_Test.java:17)
	at com.automation.tests.seleniumTests.BookTicket_Test.Initialize(BookTicket_Test.java:17)
	at com.automation.tests.seleniumTests.BookTicket_Test.Initialize(BookTicket_Test.java:17)
	at com.automation.tests.seleniumTests.BookTicket_Test.Initialize(BookTicket_Test.java:17)
	at com.automation.tests.seleniumTests.BookTicket_Test.Initialize(BookTicket_Test.java:17)
	at com.automation.tests.seleniumTests.BookTicket_Test.Initialize(BookTicket_Test.java:17)
	at com.automation.tests.seleniumTests.BookTicket_Test.Initialize(BookTicket_Test.java:17)
	at com.automation.tests.seleniumTests.BookTicket_Test.Initialize(BookTicket_Test.java:17)
	at com.automation.tests.seleniumTests.BookTicket_Test.Initialize(BookTicket_Test.java:17)
	at com.automation.tests.seleniumTests.BookTicket_Test.Initialize(BookTicket_Test.java:17)
	at com.automation.tests.seleniumTests.BookTicket_Test.Initialize(BookTicket_Test.java:17)
	at com.automation.tests.seleniumTests.BookTicket_Test.Initialize(BookTicket_Test.java:17)
	at com.automation.tests.seleniumTests.BookTicket_Test.Initialize(BookTicket_Test.java:17)
	at com.automation.tests.seleniumTests.BookTicket_Test.Initialize(BookTicket_Test.java:17)
	at com.automation.tests.seleniumTests.BookTicket_Test.Initialize(BookTicket_Test.java:17)
	at com.automation.tests.seleniumTests.BookTicket_Test.Initialize(BookTicket_Test.java:17)
	at com.automation.tests.seleniumTests.BookTicket_Test.Initialize(BookTicket_Test.java:17)
	at com.automation.tests.seleniumTests.BookTicket_Test.Initialize(BookTicket_Test.java:17)
	at com.automation.tests.seleniumTests.BookTicket_Test.Initialize(BookTicket_Test.java:17)
	at com.automation.tests.seleniumTests.BookTicket_Test.Initialize(BookTicket_Test.java:17)
	at com.automation.tests.seleniumTests.BookTicket_Test.Initialize(BookTicket_Test.java:17)
	at com.automation.tests.seleniumTests.BookTicket_Test.Initialize(BookTicket_Test.java:17)
	at com.automation.tests.seleniumTests.BookTicket_Test.Initialize(BookTicket_Test.java:17)
	at com.automation.tests.seleniumTests.BookTicket_Test.Initialize(BookTicket_Test.java:17)
	at com.automation.tests.seleniumTests.BookTicket_Test.Initialize(BookTicket_Test.java:17)
	at com.automation.tests.seleniumTests.BookTicket_Test.Initialize(BookTicket_Test.java:17)
	at com.automation.tests.seleniumTests.BookTicket_Test.Initialize(BookTicket_Test.java:17)
	at com.automation.tests.seleniumTests.BookTicket_Test.Initialize(BookTicket_Test.java:17)
	at com.automation.tests.seleniumTests.BookTicket_Test.Initialize(BookTicket_Test.java:17)
	at com.automation.tests.seleniumTests.BookTicket_Test.Initialize(BookTicket_Test.java:17)
	at com.automation.tests.seleniumTests.BookTicket_Test.Initialize(BookTicket_Test.java:17)
	at com.automation.tests.seleniumTests.BookTicket_Test.Initialize(BookTicket_Test.java:17)
	at com.automation.tests.seleniumTests.BookTicket_Test.Initialize(BookTicket_Test.java:17)
	at com.automation.tests.seleniumTests.BookTicket_Test.Initialize(BookTicket_Test.java:17)
	at com.automation.tests.seleniumTests.BookTicket_Test.Initialize(BookTicket_Test.java:17)
	at com.automation.tests.seleniumTests.BookTicket_Test.Initialize(BookTicket_Test.java:17)
	at com.automation.tests.seleniumTests.BookTicket_Test.Initialize(BookTicket_Test.java:17)
	at com.automation.tests.seleniumTests.BookTicket_Test.Initialize(BookTicket_Test.java:17)
	at com.automation.tests.seleniumTests.BookTicket_Test.Initialize(BookTicket_Test.java:17)
	at com.automation.tests.seleniumTests.BookTicket_Test.Initialize(BookTicket_Test.java:17)
	at com.automation.tests.seleniumTests.BookTicket_Test.Initialize(BookTicket_Test.java:17)
	at com.automation.tests.seleniumTests.BookTicket_Test.Initialize(BookTicket_Test.java:17)
	at com.automation.tests.seleniumTests.BookTicket_Test.Initialize(BookTicket_Test.java:17)
	at com.automation.tests.seleniumTests.BookTicket_Test.Initialize(BookTicket_Test.java:17)
	at com.automation.tests.seleniumTests.BookTicket_Test.Initialize(BookTicket_Test.java:17)
	at com.automation.tests.seleniumTests.BookTicket_Test.Initialize(BookTicket_Test.java:17)
	at com.automation.tests.seleniumTests.BookTicket_Test.Initialize(BookTicket_Test.java:17)
	at com.automation.tests.seleniumTests.BookTicket_Test.Initialize(BookTicket_Test.java:17)
	at com.automation.tests.seleniumTests.BookTicket_Test.Initialize(BookTicket_Test.java:17)
	at com.automation.tests.seleniumTests.BookTicket_Test.Initialize(BookTicket_Test.java:17)
	at com.automation.tests.seleniumTests.BookTicket_Test.Initialize(BookTicket_Test.java:17)
	at com.automation.tests.seleniumTests.BookTicket_Test.Initialize(BookTicket_Test.java:17)
	at com.automation.tests.seleniumTests.BookTicket_Test.Initialize(BookTicket_Test.java:17)
	at com.automation.tests.seleniumTests.BookTicket_Test.Initialize(BookTicket_Test.java:17)
	at com.automation.tests.seleniumTests.BookTicket_Test.Initialize(BookTicket_Test.java:17)
	at com.automation.tests.seleniumTests.BookTicket_Test.Initialize(BookTicket_Test.java:17)
	at com.automation.tests.seleniumTests.BookTicket_Test.Initialize(BookTicket_Test.java:17)
	at com.automation.tests.seleniumTests.BookTicket_Test.Initialize(BookTicket_Test.java:17)
	at com.automation.tests.seleniumTests.BookTicket_Test.Initialize(BookTicket_Test.java:17)
	at com.automation.tests.seleniumTests.BookTicket_Test.Initialize(BookTicket_Test.java:17)
	at com.automation.tests.seleniumTests.BookTicket_Test.Initialize(BookTicket_Test.java:17)
	at com.automation.tests.seleniumTests.BookTicket_Test.Initialize(BookTicket_Test.java:17)
	at com.automation.tests.seleniumTests.BookTicket_Test.Initialize(BookTicket_Test.java:17)
	at com.automation.tests.seleniumTests.BookTicket_Test.Initialize(BookTicket_Test.java:17)
	at com.automation.tests.seleniumTests.BookTicket_Test.Initialize(BookTicket_Test.java:17)
	at com.automation.tests.seleniumTests.BookTicket_Test.Initialize(BookTicket_Test.java:17)
	at com.automation.tests.seleniumTests.BookTicket_Test.Initialize(BookTicket_Test.java:17)
	at com.automation.tests.seleniumTests.BookTicket_Test.Initialize(BookTicket_Test.java:17)
	at com.automation.tests.seleniumTests.BookTicket_Test.Initialize(BookTicket_Test.java:17)
	at com.automation.tests.seleniumTests.BookTicket_Test.Initialize(BookTicket_Test.java:17)
	at com.automation.tests.seleniumTests.BookTicket_Test.Initialize(BookTicket_Test.java:17)
	at com.automation.tests.seleniumTests.BookTicket_Test.Initialize(BookTicket_Test.java:17)
	at com.automation.tests.seleniumTests.BookTicket_Test.Initialize(BookTicket_Test.java:17)
	at com.automation.tests.seleniumTests.BookTicket_Test.Initialize(BookTicket_Test.java:17)
	at com.automation.tests.seleniumTests.BookTicket_Test.Initialize(BookTicket_Test.java:17)
	at com.automation.tests.seleniumTests.BookTicket_Test.Initialize(BookTicket_Test.java:17)
	at com.automation.tests.seleniumTests.BookTicket_Test.Initialize(BookTicket_Test.java:17)
	at com.automation.tests.seleniumTests.BookTicket_Test.Initialize(BookTicket_Test.java:17)
	at com.automation.tests.seleniumTests.BookTicket_Test.Initialize(BookTicket_Test.java:17)
	at com.automation.tests.seleniumTests.BookTicket_Test.Initialize(BookTicket_Test.java:17)
	at com.automation.tests.seleniumTests.BookTicket_Test.Initialize(BookTicket_Test.java:17)
	at com.automation.tests.seleniumTests.BookTicket_Test.Initialize(BookTicket_Test.java:17)
	at com.automation.tests.seleniumTests.BookTicket_Test.Initialize(BookTicket_Test.java:17)
	at com.automation.tests.seleniumTests.BookTicket_Test.Initialize(BookTicket_Test.java:17)
	at com.automation.tests.seleniumTests.BookTicket_Test.Initialize(BookTicket_Test.java:17)
	at com.automation.tests.seleniumTests.BookTicket_Test.Initialize(BookTicket_Test.java:17)
	at com.automation.tests.seleniumTests.BookTicket_Test.Initialize(BookTicket_Test.java:17)
	at com.automation.tests.seleniumTests.BookTicket_Test.Initialize(BookTicket_Test.java:17)
	at com.automation.tests.seleniumTests.BookTicket_Test.Initialize(BookTicket_Test.java:17)
	at com.automation.tests.seleniumTests.BookTicket_Test.Initialize(BookTicket_Test.java:17)
	at com.automation.tests.seleniumTests.BookTicket_Test.Initialize(BookTicket_Test.java:17)
	at com.automation.tests.seleniumTests.BookTicket_Test.Initialize(BookTicket_Test.java:17)
	at com.automation.tests.seleniumTests.BookTicket_Test.Initialize(BookTicket_Test.java:17)
	at com.automation.tests.seleniumTests.BookTicket_Test.Initialize(BookTicket_Test.java:17)
	at com.automation.tests.seleniumTests.BookTicket_Test.Initialize(BookTicket_Test.java:17)
	at com.automation.tests.seleniumTests.BookTicket_Test.Initialize(BookTicket_Test.java:17)
	at com.automation.tests.seleniumTests.BookTicket_Test.Initialize(BookTicket_Test.java:17)
	at com.automation.tests.seleniumTests.BookTicket_Test.Initialize(BookTicket_Test.java:17)
	at com.automation.tests.seleniumTests.BookTicket_Test.Initialize(BookTicket_Test.java:17)
	at com.automation.tests.seleniumTests.BookTicket_Test.Initialize(BookTicket_Test.java:17)
	at com.automation.tests.seleniumTests.BookTicket_Test.Initialize(BookTicket_Test.java:17)
	at com.automation.tests.seleniumTests.BookTicket_Test.Initialize(BookTicket_Test.java:17)
	at com.automation.tests.seleniumTests.BookTicket_Test.Initialize(BookTicket_Test.java:17)
	at com.automation.tests.seleniumTests.BookTicket_Test.Initialize(BookTicket_Test.java:17)
	at com.automation.tests.seleniumTests.BookTicket_Test.Initialize(BookTicket_Test.java:17)
	at com.automation.tests.seleniumTests.BookTicket_Test.Initialize(BookTicket_Test.java:17)
	at com.automation.tests.seleniumTests.BookTicket_Test.Initialize(BookTicket_Test.java:17)

