<?xml version="1.0" encoding="UTF-8"?>
<testng-results ignored="0" total="2" passed="2" failed="0" skipped="0">
  <reporter-output>
  </reporter-output>
  <suite started-at="2022-05-23T12:24:37 IST" name="Surefire suite" finished-at="2022-05-23T12:24:47 IST" duration-ms="10104">
    <groups>
    </groups>
    <test started-at="2022-05-23T12:24:37 IST" name="Surefire test" finished-at="2022-05-23T12:24:47 IST" duration-ms="10104">
      <class name="com.automation.tests.seleniumTests.BookTicketTest">
        <test-method is-config="true" signature="StartReporting()[pri:0, instance:com.automation.tests.seleniumTests.BookTicketTest@482cd91f]" started-at="2022-05-23T12:24:37 IST" name="StartReporting" finished-at="2022-05-23T12:24:37 IST" duration-ms="125" status="PASS">
          <reporter-output>
          </reporter-output>
        </test-method> <!-- StartReporting -->
        <test-method is-config="true" signature="Initialize()[pri:0, instance:com.automation.tests.seleniumTests.BookTicketTest@482cd91f]" started-at="2022-05-23T12:24:37 IST" name="Initialize" finished-at="2022-05-23T12:24:39 IST" duration-ms="2832" status="PASS">
          <reporter-output>
          </reporter-output>
        </test-method> <!-- Initialize -->
        <test-method signature="Test_BookFlights()[pri:0, instance:com.automation.tests.seleniumTests.BookTicketTest@482cd91f]" started-at="2022-05-23T12:24:39 IST" name="Test_BookFlights" finished-at="2022-05-23T12:24:42 IST" duration-ms="2063" status="PASS">
          <reporter-output>
          </reporter-output>
        </test-method> <!-- Test_BookFlights -->
        <test-method is-config="true" signature="getResult(org.testng.ITestResult)[pri:0, instance:com.automation.tests.seleniumTests.BookTicketTest@482cd91f]" started-at="2022-05-23T12:24:42 IST" name="getResult" finished-at="2022-05-23T12:24:42 IST" duration-ms="1" status="PASS">
          <params>
            <param index="0">
              <value>
                <![CDATA[[TestResult name=Test_BookFlights status=SUCCESS method=BookTicketTest.Test_BookFlights()[pri:0, instance:com.automation.tests.seleniumTests.BookTicketTest@482cd91f] output={null}]]]>
              </value>
            </param>
          </params>
          <reporter-output>
          </reporter-output>
        </test-method> <!-- getResult -->
        <test-method is-config="true" signature="Initialize()[pri:0, instance:com.automation.tests.seleniumTests.BookTicketTest@482cd91f]" started-at="2022-05-23T12:24:42 IST" name="Initialize" finished-at="2022-05-23T12:24:44 IST" duration-ms="2603" status="PASS">
          <reporter-output>
          </reporter-output>
        </test-method> <!-- Initialize -->
        <test-method signature="Test_BookFlights_2()[pri:0, instance:com.automation.tests.seleniumTests.BookTicketTest@482cd91f]" started-at="2022-05-23T12:24:44 IST" name="Test_BookFlights_2" finished-at="2022-05-23T12:24:46 IST" duration-ms="2241" status="PASS">
          <reporter-output>
          </reporter-output>
        </test-method> <!-- Test_BookFlights_2 -->
        <test-method is-config="true" signature="getResult(org.testng.ITestResult)[pri:0, instance:com.automation.tests.seleniumTests.BookTicketTest@482cd91f]" started-at="2022-05-23T12:24:46 IST" name="getResult" finished-at="2022-05-23T12:24:46 IST" duration-ms="0" status="PASS">
          <params>
            <param index="0">
              <value>
                <![CDATA[[TestResult name=Test_BookFlights_2 status=SUCCESS method=BookTicketTest.Test_BookFlights_2()[pri:0, instance:com.automation.tests.seleniumTests.BookTicketTest@482cd91f] output={null}]]]>
              </value>
            </param>
          </params>
          <reporter-output>
          </reporter-output>
        </test-method> <!-- getResult -->
        <test-method is-config="true" signature="endReport()[pri:0, instance:com.automation.tests.seleniumTests.BookTicketTest@482cd91f]" started-at="2022-05-23T12:24:46 IST" name="endReport" finished-at="2022-05-23T12:24:47 IST" duration-ms="209" status="PASS">
          <reporter-output>
          </reporter-output>
        </test-method> <!-- endReport -->
        <test-method is-config="true" signature="TearDown()[pri:0, instance:com.automation.tests.seleniumTests.BookTicketTest@482cd91f]" started-at="2022-05-23T12:24:47 IST" name="TearDown" finished-at="2022-05-23T12:24:47 IST" duration-ms="85" status="PASS">
          <reporter-output>
          </reporter-output>
        </test-method> <!-- TearDown -->
      </class> <!-- com.automation.tests.seleniumTests.BookTicketTest -->
    </test> <!-- Surefire test -->
  </suite> <!-- Surefire suite -->
</testng-results>
